<?xml version="1.0" encoding="UTF-8"?>
<robot generator="Robot 7.3.2 (Python 3.12.3 on linux)" generated="2025-09-25T13:47:33.085038" rpa="false" schemaversion="5">
<suite id="s1" name="Marmelab" source="/home/citco/robot-frmwrk-test/Day2/Tests/Marmelab.robot">
<kw name="Initial Setups" owner="App" type="SETUP">
<kw name="Setup Users" owner="App">
<kw name="Get Random Users" owner="JsonAPI">
<msg time="2025-09-25T13:47:33.450926" level="INFO">/home/citco/robot-frmwrk-test/Day2/.venv/lib/python3.12/site-packages/urllib3/connectionpool.py:1097: InsecureRequestWarning: Unverified HTTPS request is being made to host 'jsonplaceholder.typicode.com'. Adding certificate verification is strongly advised. See: https://urllib3.readthedocs.io/en/latest/advanced-usage.html#tls-warnings
  warnings.warn(</msg>
<msg time="2025-09-25T13:47:33.451289" level="INFO">${USERS} = [{'id': 1, 'name': 'Leanne Graham', 'username': 'Bret', 'email': 'Sincere@april.biz', 'address': {'street': 'Kulas Light', 'suite': 'Apt. 556', 'city': 'Gwenborough', 'zipcode': '92998-3874', 'geo': {...</msg>
<var>${USERS}</var>
<status status="PASS" start="2025-09-25T13:47:33.270059" elapsed="0.181283"/>
</kw>
<kw name="Set Suite Variable" owner="BuiltIn">
<msg time="2025-09-25T13:47:33.452143" level="INFO">${USERS} = [{'id': 1, 'name': 'Leanne Graham', 'username': 'Bret', 'email': 'Sincere@april.biz', 'address': {'street': 'Kulas Light', 'suite': 'Apt. 556', 'city': 'Gwenborough', 'zipcode': '92998-3874', 'geo': {...</msg>
<arg>${USERS}</arg>
<doc>Makes a variable available everywhere within the scope of the current suite.</doc>
<status status="PASS" start="2025-09-25T13:47:33.451652" elapsed="0.000565"/>
</kw>
<status status="PASS" start="2025-09-25T13:47:33.269459" elapsed="0.182879"/>
</kw>
<kw name="Launch Browser" owner="App">
<kw name="Open Browser" owner="SeleniumLibrary">
<msg time="2025-09-25T13:47:33.453294" level="INFO">Opening browser 'chrome' to base url 'https://marmelab.com/react-admin-demo/#/login'.</msg>
<arg>${url}</arg>
<arg>chrome</arg>
<arg>options=add_argument("--start-maximized")</arg>
<doc>Opens a new browser instance to the optional ``url``.</doc>
<status status="PASS" start="2025-09-25T13:47:33.452952" elapsed="1.826263"/>
</kw>
<kw name="Wait Until Keyword Succeeds" owner="BuiltIn">
<kw name="Wait Until Element Is Visible" owner="SeleniumLibrary">
<arg>${locator_xpath}</arg>
<doc>Waits until the element ``locator`` is visible.</doc>
<status status="PASS" start="2025-09-25T13:47:35.280362" elapsed="0.319898"/>
</kw>
<arg>5x</arg>
<arg>.5s</arg>
<arg>Wait Until Element Is Visible</arg>
<arg>${locator_xpath}</arg>
<doc>Runs the specified keyword and retries if it fails.</doc>
<status status="PASS" start="2025-09-25T13:47:35.279685" elapsed="0.320713"/>
</kw>
<status status="PASS" start="2025-09-25T13:47:33.452556" elapsed="2.147982"/>
</kw>
<kw name="Login User" owner="App">
<kw name="Input Text" owner="SeleniumLibrary">
<msg time="2025-09-25T13:47:35.601557" level="INFO">Typing text 'demo' into text field '//input[@name="username"]'.</msg>
<arg>${input_username}</arg>
<arg>${username}</arg>
<doc>Types the given ``text`` into the text field identified by ``locator``.</doc>
<status status="PASS" start="2025-09-25T13:47:35.601225" elapsed="0.123957"/>
</kw>
<kw name="Input Text" owner="SeleniumLibrary">
<msg time="2025-09-25T13:47:35.725814" level="INFO">Typing text 'demo1ggvgvhjhhgvjcfgcfgfcg' into text field '//input[@name="password"]'.</msg>
<arg>${input_passwd}</arg>
<arg>${password}</arg>
<doc>Types the given ``text`` into the text field identified by ``locator``.</doc>
<status status="PASS" start="2025-09-25T13:47:35.725438" elapsed="0.157488"/>
</kw>
<kw name="Click Button" owner="SeleniumLibrary">
<msg time="2025-09-25T13:47:35.884441" level="INFO">Clicking button '//button[@type="submit"]'.</msg>
<arg>${btn_submit}</arg>
<doc>Clicks the button identified by ``locator``.</doc>
<status status="PASS" start="2025-09-25T13:47:35.883826" elapsed="0.126993"/>
</kw>
<status status="PASS" start="2025-09-25T13:47:35.600815" elapsed="0.410146"/>
</kw>
<status status="PASS" start="2025-09-25T13:47:33.269158" elapsed="2.741875"/>
</kw>
<test id="s1-t1" name="TEST-001" line="14">
<kw name="Create and Verify Users" owner="CustomerPage">
<for flavor="IN">
<iter>
<kw name="Go To Page" owner="CustomerPage">
<kw name="Wait Until Element Is Visible" owner="SeleniumLibrary">
<arg>${locator_btn}</arg>
<doc>Waits until the element ``locator`` is visible.</doc>
<status status="PASS" start="2025-09-25T13:47:36.013327" elapsed="0.186386"/>
</kw>
<kw name="Click Element" owner="SeleniumLibrary">
<msg time="2025-09-25T13:47:36.200351" level="INFO">Clicking element '//a[@href="#/customers"]'.</msg>
<arg>${locator_btn}</arg>
<doc>Click the element identified by ``locator``.</doc>
<status status="PASS" start="2025-09-25T13:47:36.199977" elapsed="0.093279"/>
</kw>
<arg>${a_customers}</arg>
<status status="PASS" start="2025-09-25T13:47:36.012909" elapsed="0.280523"/>
</kw>
<kw name="Go To Page" owner="CustomerPage">
<kw name="Wait Until Element Is Visible" owner="SeleniumLibrary">
<arg>${locator_btn}</arg>
<doc>Waits until the element ``locator`` is visible.</doc>
<status status="PASS" start="2025-09-25T13:47:36.294236" elapsed="0.292027"/>
</kw>
<kw name="Click Element" owner="SeleniumLibrary">
<msg time="2025-09-25T13:47:36.586963" level="INFO">Clicking element '//a[@href="#/customers/create"]'.</msg>
<arg>${locator_btn}</arg>
<doc>Click the element identified by ``locator``.</doc>
<status status="PASS" start="2025-09-25T13:47:36.586585" elapsed="0.089184"/>
</kw>
<arg>${a_customers_create}</arg>
<status status="PASS" start="2025-09-25T13:47:36.293738" elapsed="0.382201"/>
</kw>
<kw name="Create List" owner="BuiltIn">
<msg time="2025-09-25T13:47:36.680673" level="INFO">${list_inputs} = ['Leanne', 'Graham', 'Sincere@april.biz', '07142001', 'aWFE@AU0', 'aWFE@AU0', 'Kulas Light', 'Gwenborough', 'Apt', '92998-3874']</msg>
<var>${list_inputs}</var>
<arg>${i["name"].split(" ")[0]}</arg>
<arg>${i["name"].split(" ")[1]}</arg>
<arg>${i["email"]}</arg>
<arg>${i["birthday"]}</arg>
<arg>${i["password"]}</arg>
<arg>${i["password"]}</arg>
<arg>${i["address"]["street"]}</arg>
<arg>${i["address"]["city"]}</arg>
<arg>${i["address"]["state"]}</arg>
<arg>${i["address"]["zipcode"]}</arg>
<doc>Returns a list containing given items.</doc>
<status status="PASS" start="2025-09-25T13:47:36.676207" elapsed="0.004522"/>
</kw>
<kw name="Create Customer" owner="CustomerPage">
<kw name="Wait Until Element Is Visible" owner="SeleniumLibrary">
<arg>${input_firstname}</arg>
<doc>Waits until the element ``locator`` is visible.</doc>
<status status="PASS" start="2025-09-25T13:47:36.681426" elapsed="0.293320"/>
</kw>
<for flavor="IN ENUMERATE">
<iter>
<kw name="Input Text" owner="SeleniumLibrary">
<msg time="2025-09-25T13:47:36.976525" level="INFO">Typing text 'Leanne' into text field '//input[@name="first_name"]'.</msg>
<arg>${element}</arg>
<arg>${input_values}[${index}]</arg>
<doc>Types the given ``text`` into the text field identified by ``locator``.</doc>
<status status="PASS" start="2025-09-25T13:47:36.975869" elapsed="0.150697"/>
</kw>
<var name="${index}">0</var>
<var name="${element}">//input[@name="first_name"]</var>
<status status="PASS" start="2025-09-25T13:47:36.975563" elapsed="0.151185"/>
</iter>
<iter>
<kw name="Input Text" owner="SeleniumLibrary">
<msg time="2025-09-25T13:47:37.128056" level="INFO">Typing text 'Graham' into text field '//input[@name="last_name"]'.</msg>
<arg>${element}</arg>
<arg>${input_values}[${index}]</arg>
<doc>Types the given ``text`` into the text field identified by ``locator``.</doc>
<status status="PASS" start="2025-09-25T13:47:37.127420" elapsed="0.117737"/>
</kw>
<var name="${index}">1</var>
<var name="${element}">//input[@name="last_name"]</var>
<status status="PASS" start="2025-09-25T13:47:37.127136" elapsed="0.118124"/>
</iter>
<iter>
<kw name="Input Text" owner="SeleniumLibrary">
<msg time="2025-09-25T13:47:37.245965" level="INFO">Typing text 'Sincere@april.biz' into text field '//input[@name="email"]'.</msg>
<arg>${element}</arg>
<arg>${input_values}[${index}]</arg>
<doc>Types the given ``text`` into the text field identified by ``locator``.</doc>
<status status="PASS" start="2025-09-25T13:47:37.245644" elapsed="0.137564"/>
</kw>
<var name="${index}">2</var>
<var name="${element}">//input[@name="email"]</var>
<status status="PASS" start="2025-09-25T13:47:37.245469" elapsed="0.138007"/>
</iter>
<iter>
<kw name="Input Text" owner="SeleniumLibrary">
<msg time="2025-09-25T13:47:37.384500" level="INFO">Typing text '07142001' into text field '//input[@name="birthday"]'.</msg>
<arg>${element}</arg>
<arg>${input_values}[${index}]</arg>
<doc>Types the given ``text`` into the text field identified by ``locator``.</doc>
<status status="PASS" start="2025-09-25T13:47:37.383998" elapsed="0.126534"/>
</kw>
<var name="${index}">3</var>
<var name="${element}">//input[@name="birthday"]</var>
<status status="PASS" start="2025-09-25T13:47:37.383772" elapsed="0.126879"/>
</iter>
<iter>
<kw name="Input Text" owner="SeleniumLibrary">
<msg time="2025-09-25T13:47:37.511400" level="INFO">Typing text 'aWFE@AU0' into text field '//input[@name="password"]'.</msg>
<arg>${element}</arg>
<arg>${input_values}[${index}]</arg>
<doc>Types the given ``text`` into the text field identified by ``locator``.</doc>
<status status="PASS" start="2025-09-25T13:47:37.511044" elapsed="0.115425"/>
</kw>
<var name="${index}">4</var>
<var name="${element}">//input[@name="password"]</var>
<status status="PASS" start="2025-09-25T13:47:37.510873" elapsed="0.115715"/>
</iter>
<iter>
<kw name="Input Text" owner="SeleniumLibrary">
<msg time="2025-09-25T13:47:37.627281" level="INFO">Typing text 'aWFE@AU0' into text field '//input[@name="confirm_password"]'.</msg>
<arg>${element}</arg>
<arg>${input_values}[${index}]</arg>
<doc>Types the given ``text`` into the text field identified by ``locator``.</doc>
<status status="PASS" start="2025-09-25T13:47:37.626926" elapsed="0.118159"/>
</kw>
<var name="${index}">5</var>
<var name="${element}">//input[@name="confirm_password"]</var>
<status status="PASS" start="2025-09-25T13:47:37.626778" elapsed="0.118493"/>
</iter>
<iter>
<kw name="Input Text" owner="SeleniumLibrary">
<msg time="2025-09-25T13:47:37.746592" level="INFO">Typing text 'Kulas Light' into text field '//textarea[@name="address"]'.</msg>
<arg>${element}</arg>
<arg>${input_values}[${index}]</arg>
<doc>Types the given ``text`` into the text field identified by ``locator``.</doc>
<status status="PASS" start="2025-09-25T13:47:37.745959" elapsed="0.135511"/>
</kw>
<var name="${index}">6</var>
<var name="${element}">//textarea[@name="address"]</var>
<status status="PASS" start="2025-09-25T13:47:37.745674" elapsed="0.135924"/>
</iter>
<iter>
<kw name="Input Text" owner="SeleniumLibrary">
<msg time="2025-09-25T13:47:37.882304" level="INFO">Typing text 'Gwenborough' into text field '//input[@name="city"]'.</msg>
<arg>${element}</arg>
<arg>${input_values}[${index}]</arg>
<doc>Types the given ``text`` into the text field identified by ``locator``.</doc>
<status status="PASS" start="2025-09-25T13:47:37.881944" elapsed="0.138212"/>
</kw>
<var name="${index}">7</var>
<var name="${element}">//input[@name="city"]</var>
<status status="PASS" start="2025-09-25T13:47:37.881788" elapsed="0.138491"/>
</iter>
<iter>
<kw name="Input Text" owner="SeleniumLibrary">
<msg time="2025-09-25T13:47:38.021193" level="INFO">Typing text 'Apt' into text field '//input[@name="stateAbbr"]'.</msg>
<arg>${element}</arg>
<arg>${input_values}[${index}]</arg>
<doc>Types the given ``text`` into the text field identified by ``locator``.</doc>
<status status="PASS" start="2025-09-25T13:47:38.020745" elapsed="0.102796"/>
</kw>
<var name="${index}">8</var>
<var name="${element}">//input[@name="stateAbbr"]</var>
<status status="PASS" start="2025-09-25T13:47:38.020545" elapsed="0.103140"/>
</iter>
<iter>
<kw name="Input Text" owner="SeleniumLibrary">
<msg time="2025-09-25T13:47:38.124678" level="INFO">Typing text '92998-3874' into text field '//input[@name="zipcode"]'.</msg>
<arg>${element}</arg>
<arg>${input_values}[${index}]</arg>
<doc>Types the given ``text`` into the text field identified by ``locator``.</doc>
<status status="PASS" start="2025-09-25T13:47:38.124189" elapsed="0.126924"/>
</kw>
<var name="${index}">9</var>
<var name="${element}">//input[@name="zipcode"]</var>
<status status="PASS" start="2025-09-25T13:47:38.123970" elapsed="0.127320"/>
</iter>
<var>${index}</var>
<var>${element}</var>
<value>@{input_fields}</value>
<status status="PASS" start="2025-09-25T13:47:36.975005" elapsed="1.276397"/>
</for>
<kw name="Click Button" owner="SeleniumLibrary">
<msg time="2025-09-25T13:47:38.252092" level="INFO">Clicking button '//button[@type="submit"]'.</msg>
<arg>${btn_submit}</arg>
<doc>Clicks the button identified by ``locator``.</doc>
<status status="PASS" start="2025-09-25T13:47:38.251719" elapsed="0.137360"/>
</kw>
<kw name="Wait Until Element Is Visible" owner="SeleniumLibrary">
<arg>${div_customerCreated}</arg>
<doc>Waits until the element ``locator`` is visible.</doc>
<status status="PASS" start="2025-09-25T13:47:38.389481" elapsed="0.491789"/>
</kw>
<arg>${INPUT_FIELDS_CUSTOMERS}</arg>
<arg>${list_inputs}</arg>
<status status="PASS" start="2025-09-25T13:47:36.681034" elapsed="2.200391"/>
</kw>
<kw name="Go To Page" owner="CustomerPage">
<kw name="Wait Until Element Is Visible" owner="SeleniumLibrary">
<arg>${locator_btn}</arg>
<doc>Waits until the element ``locator`` is visible.</doc>
<status status="PASS" start="2025-09-25T13:47:38.882149" elapsed="0.014317"/>
</kw>
<kw name="Click Element" owner="SeleniumLibrary">
<msg time="2025-09-25T13:47:38.896991" level="INFO">Clicking element '//a[@href="#/customers"]'.</msg>
<arg>${locator_btn}</arg>
<doc>Click the element identified by ``locator``.</doc>
<status status="PASS" start="2025-09-25T13:47:38.896710" elapsed="0.082054"/>
</kw>
<arg>${a_customers}</arg>
<status status="PASS" start="2025-09-25T13:47:38.881681" elapsed="0.097229"/>
</kw>
<kw name="Verify User Is Added" owner="CustomerPage">
<kw name="Click Button" owner="SeleniumLibrary">
<msg time="2025-09-25T13:47:38.980567" level="INFO">Clicking button '//button[@aria-label="Refresh"]'.</msg>
<arg>${btn_refreshcustomer}</arg>
<doc>Clicks the button identified by ``locator``.</doc>
<status status="PASS" start="2025-09-25T13:47:38.980243" elapsed="0.653160"/>
</kw>
<kw name="Get Text" owner="SeleniumLibrary">
<msg time="2025-09-25T13:47:39.665994" level="INFO">${test_name} = Leanne Graham</msg>
<var>${test_name}</var>
<arg>${td_firstusernameadded}</arg>
<doc>Returns the text value of the element identified by ``locator``.</doc>
<status status="PASS" start="2025-09-25T13:47:39.633745" elapsed="0.032318"/>
</kw>
<if>
<branch type="IF" condition="&quot;\\n&quot; in &quot;&quot;&quot;${test_name}&quot;&quot;&quot;">
<kw name="Evaluate" owner="BuiltIn">
<var>${test_name}</var>
<arg>"""${test_name}""".replace("\\n","")[1:]</arg>
<doc>Evaluates the given expression in Python and returns the result.</doc>
<status status="NOT RUN" start="2025-09-25T13:47:39.666852" elapsed="0.000054"/>
</kw>
<status status="NOT RUN" start="2025-09-25T13:47:39.666326" elapsed="0.000655"/>
</branch>
<status status="PASS" start="2025-09-25T13:47:39.666254" elapsed="0.000786"/>
</if>
<kw name="Evaluate" owner="BuiltIn">
<msg time="2025-09-25T13:47:39.667644" level="INFO">${user} = Leanne Graham</msg>
<var>${user}</var>
<arg>" ".join("""${user}""".split(" ")[0:2])</arg>
<doc>Evaluates the given expression in Python and returns the result.</doc>
<status status="PASS" start="2025-09-25T13:47:39.667152" elapsed="0.000529"/>
</kw>
<kw name="Log To Console" owner="BuiltIn">
<arg>${test_name}</arg>
<doc>Logs the given message to the console.</doc>
<status status="PASS" start="2025-09-25T13:47:39.667840" elapsed="0.000297"/>
</kw>
<kw name="Should Be Equal As Strings" owner="BuiltIn">
<arg>${test_name}</arg>
<arg>${user}</arg>
<doc>Fails if objects are unequal after converting them to strings.</doc>
<status status="PASS" start="2025-09-25T13:47:39.668297" elapsed="0.000275"/>
</kw>
<arg>${i["name"]}</arg>
<status status="PASS" start="2025-09-25T13:47:38.979221" elapsed="0.689439"/>
</kw>
<kw name="Evaluate" owner="BuiltIn">
<msg time="2025-09-25T13:47:39.669310" level="INFO">${list_inputs}[3] = 2001-07-14</msg>
<var>${list_inputs}[3]</var>
<arg>"-".join(["${list_inputs}[3][4:8]","${list_inputs}[3][0:2]","${list_inputs}[3][2:4]"])</arg>
<doc>Evaluates the given expression in Python and returns the result.</doc>
<status status="PASS" start="2025-09-25T13:47:39.668781" elapsed="0.000567"/>
</kw>
<kw name="Go To Page" owner="CustomerPage">
<kw name="Wait Until Element Is Visible" owner="SeleniumLibrary">
<arg>${locator_btn}</arg>
<doc>Waits until the element ``locator`` is visible.</doc>
<status status="PASS" start="2025-09-25T13:47:39.669858" elapsed="0.025256"/>
</kw>
<kw name="Click Element" owner="SeleniumLibrary">
<msg time="2025-09-25T13:47:39.695688" level="INFO">Clicking element '//tr[1]/td[2]/a'.</msg>
<arg>${locator_btn}</arg>
<doc>Click the element identified by ``locator``.</doc>
<status status="PASS" start="2025-09-25T13:47:39.695364" elapsed="0.083958"/>
</kw>
<arg>${a_firstusernameadded}</arg>
<status status="PASS" start="2025-09-25T13:47:39.669552" elapsed="0.109934"/>
</kw>
<kw name="Verify Details" owner="CustomerPage">
<kw name="Wait Until Element Is Visible" owner="SeleniumLibrary">
<arg>${input_firstname}</arg>
<doc>Waits until the element ``locator`` is visible.</doc>
<status status="PASS" start="2025-09-25T13:47:39.780367" elapsed="0.296553"/>
</kw>
<for flavor="IN ENUMERATE">
<iter>
<kw name="Get Element Attribute" owner="SeleniumLibrary">
<msg time="2025-09-25T13:47:40.097873" level="INFO">${input_value} = Leanne</msg>
<var>${input_value}</var>
<arg>${element}</arg>
<arg>value</arg>
<doc>Returns the value of ``attribute`` from the element ``locator``.</doc>
<status status="PASS" start="2025-09-25T13:47:40.077699" elapsed="0.020232"/>
</kw>
<kw name="Should Be Equal As Strings" owner="BuiltIn">
<arg>${input_value}</arg>
<arg>${input_values}[${index}]</arg>
<doc>Fails if objects are unequal after converting them to strings.</doc>
<status status="PASS" start="2025-09-25T13:47:40.098144" elapsed="0.000327"/>
</kw>
<var name="${index}">0</var>
<var name="${element}">//input[@name="first_name"]</var>
<status status="PASS" start="2025-09-25T13:47:40.077417" elapsed="0.021140"/>
</iter>
<iter>
<kw name="Get Element Attribute" owner="SeleniumLibrary">
<msg time="2025-09-25T13:47:40.114327" level="INFO">${input_value} = Graham</msg>
<var>${input_value}</var>
<arg>${element}</arg>
<arg>value</arg>
<doc>Returns the value of ``attribute`` from the element ``locator``.</doc>
<status status="PASS" start="2025-09-25T13:47:40.098907" elapsed="0.015491"/>
</kw>
<kw name="Should Be Equal As Strings" owner="BuiltIn">
<arg>${input_value}</arg>
<arg>${input_values}[${index}]</arg>
<doc>Fails if objects are unequal after converting them to strings.</doc>
<status status="PASS" start="2025-09-25T13:47:40.114662" elapsed="0.000398"/>
</kw>
<var name="${index}">1</var>
<var name="${element}">//input[@name="last_name"]</var>
<status status="PASS" start="2025-09-25T13:47:40.098741" elapsed="0.016401"/>
</iter>
<iter>
<kw name="Get Element Attribute" owner="SeleniumLibrary">
<msg time="2025-09-25T13:47:40.132586" level="INFO">${input_value} = Sincere@april.biz</msg>
<var>${input_value}</var>
<arg>${element}</arg>
<arg>value</arg>
<doc>Returns the value of ``attribute`` from the element ``locator``.</doc>
<status status="PASS" start="2025-09-25T13:47:40.115603" elapsed="0.017075"/>
</kw>
<kw name="Should Be Equal As Strings" owner="BuiltIn">
<arg>${input_value}</arg>
<arg>${input_values}[${index}]</arg>
<doc>Fails if objects are unequal after converting them to strings.</doc>
<status status="PASS" start="2025-09-25T13:47:40.133000" elapsed="0.000470"/>
</kw>
<var name="${index}">2</var>
<var name="${element}">//input[@name="email"]</var>
<status status="PASS" start="2025-09-25T13:47:40.115386" elapsed="0.018195"/>
</iter>
<iter>
<kw name="Get Element Attribute" owner="SeleniumLibrary">
<msg time="2025-09-25T13:47:40.145999" level="INFO">${input_value} = 2001-07-14</msg>
<var>${input_value}</var>
<arg>${element}</arg>
<arg>value</arg>
<doc>Returns the value of ``attribute`` from the element ``locator``.</doc>
<status status="PASS" start="2025-09-25T13:47:40.134014" elapsed="0.012037"/>
</kw>
<kw name="Should Be Equal As Strings" owner="BuiltIn">
<arg>${input_value}</arg>
<arg>${input_values}[${index}]</arg>
<doc>Fails if objects are unequal after converting them to strings.</doc>
<status status="PASS" start="2025-09-25T13:47:40.146251" elapsed="0.000287"/>
</kw>
<var name="${index}">3</var>
<var name="${element}">//input[@name="birthday"]</var>
<status status="PASS" start="2025-09-25T13:47:40.133832" elapsed="0.012758"/>
</iter>
<iter>
<kw name="Get Element Attribute" owner="SeleniumLibrary">
<msg time="2025-09-25T13:47:40.160636" level="INFO">${input_value} = aWFE@AU0</msg>
<var>${input_value}</var>
<arg>${element}</arg>
<arg>value</arg>
<doc>Returns the value of ``attribute`` from the element ``locator``.</doc>
<status status="PASS" start="2025-09-25T13:47:40.146853" elapsed="0.013859"/>
</kw>
<kw name="Should Be Equal As Strings" owner="BuiltIn">
<arg>${input_value}</arg>
<arg>${input_values}[${index}]</arg>
<doc>Fails if objects are unequal after converting them to strings.</doc>
<status status="PASS" start="2025-09-25T13:47:40.160990" elapsed="0.000380"/>
</kw>
<var name="${index}">4</var>
<var name="${element}">//input[@name="password"]</var>
<status status="PASS" start="2025-09-25T13:47:40.146745" elapsed="0.014699"/>
</iter>
<iter>
<kw name="Get Element Attribute" owner="SeleniumLibrary">
<msg time="2025-09-25T13:47:40.183485" level="INFO">${input_value} = aWFE@AU0</msg>
<var>${input_value}</var>
<arg>${element}</arg>
<arg>value</arg>
<doc>Returns the value of ``attribute`` from the element ``locator``.</doc>
<status status="PASS" start="2025-09-25T13:47:40.161815" elapsed="0.021759"/>
</kw>
<kw name="Should Be Equal As Strings" owner="BuiltIn">
<arg>${input_value}</arg>
<arg>${input_values}[${index}]</arg>
<doc>Fails if objects are unequal after converting them to strings.</doc>
<status status="PASS" start="2025-09-25T13:47:40.183894" elapsed="0.000384"/>
</kw>
<var name="${index}">5</var>
<var name="${element}">//input[@name="confirm_password"]</var>
<status status="PASS" start="2025-09-25T13:47:40.161667" elapsed="0.022689"/>
</iter>
<iter>
<kw name="Get Element Attribute" owner="SeleniumLibrary">
<msg time="2025-09-25T13:47:40.196229" level="INFO">${input_value} = Kulas Light</msg>
<var>${input_value}</var>
<arg>${element}</arg>
<arg>value</arg>
<doc>Returns the value of ``attribute`` from the element ``locator``.</doc>
<status status="PASS" start="2025-09-25T13:47:40.184790" elapsed="0.011540"/>
</kw>
<kw name="Should Be Equal As Strings" owner="BuiltIn">
<arg>${input_value}</arg>
<arg>${input_values}[${index}]</arg>
<doc>Fails if objects are unequal after converting them to strings.</doc>
<status status="PASS" start="2025-09-25T13:47:40.196725" elapsed="0.000618"/>
</kw>
<var name="${index}">6</var>
<var name="${element}">//textarea[@name="address"]</var>
<status status="PASS" start="2025-09-25T13:47:40.184606" elapsed="0.012864"/>
</iter>
<iter>
<kw name="Get Element Attribute" owner="SeleniumLibrary">
<msg time="2025-09-25T13:47:40.212432" level="INFO">${input_value} = Gwenborough</msg>
<var>${input_value}</var>
<arg>${element}</arg>
<arg>value</arg>
<doc>Returns the value of ``attribute`` from the element ``locator``.</doc>
<status status="PASS" start="2025-09-25T13:47:40.198267" elapsed="0.014287"/>
</kw>
<kw name="Should Be Equal As Strings" owner="BuiltIn">
<arg>${input_value}</arg>
<arg>${input_values}[${index}]</arg>
<doc>Fails if objects are unequal after converting them to strings.</doc>
<status status="PASS" start="2025-09-25T13:47:40.212937" elapsed="0.000647"/>
</kw>
<var name="${index}">7</var>
<var name="${element}">//input[@name="city"]</var>
<status status="PASS" start="2025-09-25T13:47:40.197833" elapsed="0.015892"/>
</iter>
<iter>
<kw name="Get Element Attribute" owner="SeleniumLibrary">
<msg time="2025-09-25T13:47:40.231334" level="INFO">${input_value} = Apt</msg>
<var>${input_value}</var>
<arg>${element}</arg>
<arg>value</arg>
<doc>Returns the value of ``attribute`` from the element ``locator``.</doc>
<status status="PASS" start="2025-09-25T13:47:40.214380" elapsed="0.017062"/>
</kw>
<kw name="Should Be Equal As Strings" owner="BuiltIn">
<arg>${input_value}</arg>
<arg>${input_values}[${index}]</arg>
<doc>Fails if objects are unequal after converting them to strings.</doc>
<status status="PASS" start="2025-09-25T13:47:40.232031" elapsed="0.000842"/>
</kw>
<var name="${index}">8</var>
<var name="${element}">//input[@name="stateAbbr"]</var>
<status status="PASS" start="2025-09-25T13:47:40.214104" elapsed="0.018934"/>
</iter>
<iter>
<kw name="Get Element Attribute" owner="SeleniumLibrary">
<msg time="2025-09-25T13:47:40.251229" level="INFO">${input_value} = 92998-3874</msg>
<var>${input_value}</var>
<arg>${element}</arg>
<arg>value</arg>
<doc>Returns the value of ``attribute`` from the element ``locator``.</doc>
<status status="PASS" start="2025-09-25T13:47:40.233773" elapsed="0.017509"/>
</kw>
<kw name="Should Be Equal As Strings" owner="BuiltIn">
<arg>${input_value}</arg>
<arg>${input_values}[${index}]</arg>
<doc>Fails if objects are unequal after converting them to strings.</doc>
<status status="PASS" start="2025-09-25T13:47:40.251479" elapsed="0.000282"/>
</kw>
<var name="${index}">9</var>
<var name="${element}">//input[@name="zipcode"]</var>
<status status="PASS" start="2025-09-25T13:47:40.233461" elapsed="0.018352"/>
</iter>
<var>${index}</var>
<var>${element}</var>
<value>@{input_fields}</value>
<status status="PASS" start="2025-09-25T13:47:40.077096" elapsed="0.174787"/>
</for>
<arg>${INPUT_FIELDS_CUSTOMERS}</arg>
<arg>${list_inputs}</arg>
<status status="PASS" start="2025-09-25T13:47:39.779817" elapsed="0.472174"/>
</kw>
<var name="${i}">{'id': 1, 'name': 'Leanne Graham', 'username': 'Bret', 'email': 'Sincere@april.biz', 'address': {'street': 'Kulas Light', 'suite': 'Apt. 556', 'city': 'Gwenborough', 'zipcode': '92998-3874', 'geo': {'...</var>
<status status="PASS" start="2025-09-25T13:47:36.012715" elapsed="4.239325"/>
</iter>
<iter>
<kw name="Go To Page" owner="CustomerPage">
<kw name="Wait Until Element Is Visible" owner="SeleniumLibrary">
<arg>${locator_btn}</arg>
<doc>Waits until the element ``locator`` is visible.</doc>
<status status="PASS" start="2025-09-25T13:47:40.252646" elapsed="0.015924"/>
</kw>
<kw name="Click Element" owner="SeleniumLibrary">
<msg time="2025-09-25T13:47:40.269051" level="INFO">Clicking element '//a[@href="#/customers"]'.</msg>
<arg>${locator_btn}</arg>
<doc>Click the element identified by ``locator``.</doc>
<status status="PASS" start="2025-09-25T13:47:40.268791" elapsed="0.075696"/>
</kw>
<arg>${a_customers}</arg>
<status status="PASS" start="2025-09-25T13:47:40.252358" elapsed="0.092353"/>
</kw>
<kw name="Go To Page" owner="CustomerPage">
<kw name="Wait Until Element Is Visible" owner="SeleniumLibrary">
<arg>${locator_btn}</arg>
<doc>Waits until the element ``locator`` is visible.</doc>
<status status="PASS" start="2025-09-25T13:47:40.345640" elapsed="0.266844"/>
</kw>
<kw name="Click Element" owner="SeleniumLibrary">
<msg time="2025-09-25T13:47:40.613062" level="INFO">Clicking element '//a[@href="#/customers/create"]'.</msg>
<arg>${locator_btn}</arg>
<doc>Click the element identified by ``locator``.</doc>
<status status="PASS" start="2025-09-25T13:47:40.612745" elapsed="0.071268"/>
</kw>
<arg>${a_customers_create}</arg>
<status status="PASS" start="2025-09-25T13:47:40.345039" elapsed="0.339158"/>
</kw>
<kw name="Create List" owner="BuiltIn">
<msg time="2025-09-25T13:47:40.689760" level="INFO">${list_inputs} = ['Ervin', 'Howell', 'Shanna@melissa.tv', '07012017', 'pT96X3#9', 'pT96X3#9', 'Victor Plains', 'Wisokyburgh', 'Sui', '90566-7771']</msg>
<var>${list_inputs}</var>
<arg>${i["name"].split(" ")[0]}</arg>
<arg>${i["name"].split(" ")[1]}</arg>
<arg>${i["email"]}</arg>
<arg>${i["birthday"]}</arg>
<arg>${i["password"]}</arg>
<arg>${i["password"]}</arg>
<arg>${i["address"]["street"]}</arg>
<arg>${i["address"]["city"]}</arg>
<arg>${i["address"]["state"]}</arg>
<arg>${i["address"]["zipcode"]}</arg>
<doc>Returns a list containing given items.</doc>
<status status="PASS" start="2025-09-25T13:47:40.684410" elapsed="0.005406"/>
</kw>
<kw name="Create Customer" owner="CustomerPage">
<kw name="Wait Until Element Is Visible" owner="SeleniumLibrary">
<arg>${input_firstname}</arg>
<doc>Waits until the element ``locator`` is visible.</doc>
<status status="PASS" start="2025-09-25T13:47:40.690564" elapsed="0.287270"/>
</kw>
<for flavor="IN ENUMERATE">
<iter>
<kw name="Input Text" owner="SeleniumLibrary">
<msg time="2025-09-25T13:47:40.979580" level="INFO">Typing text 'Ervin' into text field '//input[@name="first_name"]'.</msg>
<arg>${element}</arg>
<arg>${input_values}[${index}]</arg>
<doc>Types the given ``text`` into the text field identified by ``locator``.</doc>
<status status="PASS" start="2025-09-25T13:47:40.978926" elapsed="0.142362"/>
</kw>
<var name="${index}">0</var>
<var name="${element}">//input[@name="first_name"]</var>
<status status="PASS" start="2025-09-25T13:47:40.978599" elapsed="0.142807"/>
</iter>
<iter>
<kw name="Input Text" owner="SeleniumLibrary">
<msg time="2025-09-25T13:47:41.122200" level="INFO">Typing text 'Howell' into text field '//input[@name="last_name"]'.</msg>
<arg>${element}</arg>
<arg>${input_values}[${index}]</arg>
<doc>Types the given ``text`` into the text field identified by ``locator``.</doc>
<status status="PASS" start="2025-09-25T13:47:41.121827" elapsed="0.108203"/>
</kw>
<var name="${index}">1</var>
<var name="${element}">//input[@name="last_name"]</var>
<status status="PASS" start="2025-09-25T13:47:41.121654" elapsed="0.108500"/>
</iter>
<iter>
<kw name="Input Text" owner="SeleniumLibrary">
<msg time="2025-09-25T13:47:41.231058" level="INFO">Typing text 'Shanna@melissa.tv' into text field '//input[@name="email"]'.</msg>
<arg>${element}</arg>
<arg>${input_values}[${index}]</arg>
<doc>Types the given ``text`` into the text field identified by ``locator``.</doc>
<status status="PASS" start="2025-09-25T13:47:41.230624" elapsed="0.134475"/>
</kw>
<var name="${index}">2</var>
<var name="${element}">//input[@name="email"]</var>
<status status="PASS" start="2025-09-25T13:47:41.230393" elapsed="0.134838"/>
</iter>
<iter>
<kw name="Input Text" owner="SeleniumLibrary">
<msg time="2025-09-25T13:47:41.366250" level="INFO">Typing text '07012017' into text field '//input[@name="birthday"]'.</msg>
<arg>${element}</arg>
<arg>${input_values}[${index}]</arg>
<doc>Types the given ``text`` into the text field identified by ``locator``.</doc>
<status status="PASS" start="2025-09-25T13:47:41.365786" elapsed="0.106829"/>
</kw>
<var name="${index}">3</var>
<var name="${element}">//input[@name="birthday"]</var>
<status status="PASS" start="2025-09-25T13:47:41.365556" elapsed="0.107179"/>
</iter>
<iter>
<kw name="Input Text" owner="SeleniumLibrary">
<msg time="2025-09-25T13:47:41.473515" level="INFO">Typing text 'pT96X3#9' into text field '//input[@name="password"]'.</msg>
<arg>${element}</arg>
<arg>${input_values}[${index}]</arg>
<doc>Types the given ``text`` into the text field identified by ``locator``.</doc>
<status status="PASS" start="2025-09-25T13:47:41.473135" elapsed="0.115805"/>
</kw>
<var name="${index}">4</var>
<var name="${element}">//input[@name="password"]</var>
<status status="PASS" start="2025-09-25T13:47:41.472962" elapsed="0.116124"/>
</iter>
<iter>
<kw name="Input Text" owner="SeleniumLibrary">
<msg time="2025-09-25T13:47:41.590045" level="INFO">Typing text 'pT96X3#9' into text field '//input[@name="confirm_password"]'.</msg>
<arg>${element}</arg>
<arg>${input_values}[${index}]</arg>
<doc>Types the given ``text`` into the text field identified by ``locator``.</doc>
<status status="PASS" start="2025-09-25T13:47:41.589602" elapsed="0.113682"/>
</kw>
<var name="${index}">5</var>
<var name="${element}">//input[@name="confirm_password"]</var>
<status status="PASS" start="2025-09-25T13:47:41.589371" elapsed="0.114046"/>
</iter>
<iter>
<kw name="Input Text" owner="SeleniumLibrary">
<msg time="2025-09-25T13:47:41.704385" level="INFO">Typing text 'Victor Plains' into text field '//textarea[@name="address"]'.</msg>
<arg>${element}</arg>
<arg>${input_values}[${index}]</arg>
<doc>Types the given ``text`` into the text field identified by ``locator``.</doc>
<status status="PASS" start="2025-09-25T13:47:41.703925" elapsed="0.117746"/>
</kw>
<var name="${index}">6</var>
<var name="${element}">//textarea[@name="address"]</var>
<status status="PASS" start="2025-09-25T13:47:41.703715" elapsed="0.118119"/>
</iter>
<iter>
<kw name="Input Text" owner="SeleniumLibrary">
<msg time="2025-09-25T13:47:41.822928" level="INFO">Typing text 'Wisokyburgh' into text field '//input[@name="city"]'.</msg>
<arg>${element}</arg>
<arg>${input_values}[${index}]</arg>
<doc>Types the given ``text`` into the text field identified by ``locator``.</doc>
<status status="PASS" start="2025-09-25T13:47:41.822366" elapsed="0.125401"/>
</kw>
<var name="${index}">7</var>
<var name="${element}">//input[@name="city"]</var>
<status status="PASS" start="2025-09-25T13:47:41.822132" elapsed="0.125784"/>
</iter>
<iter>
<kw name="Input Text" owner="SeleniumLibrary">
<msg time="2025-09-25T13:47:41.948750" level="INFO">Typing text 'Sui' into text field '//input[@name="stateAbbr"]'.</msg>
<arg>${element}</arg>
<arg>${input_values}[${index}]</arg>
<doc>Types the given ``text`` into the text field identified by ``locator``.</doc>
<status status="PASS" start="2025-09-25T13:47:41.948370" elapsed="0.101296"/>
</kw>
<var name="${index}">8</var>
<var name="${element}">//input[@name="stateAbbr"]</var>
<status status="PASS" start="2025-09-25T13:47:41.948172" elapsed="0.101723"/>
</iter>
<iter>
<kw name="Input Text" owner="SeleniumLibrary">
<msg time="2025-09-25T13:47:42.051410" level="INFO">Typing text '90566-7771' into text field '//input[@name="zipcode"]'.</msg>
<arg>${element}</arg>
<arg>${input_values}[${index}]</arg>
<doc>Types the given ``text`` into the text field identified by ``locator``.</doc>
<status status="PASS" start="2025-09-25T13:47:42.050673" elapsed="0.118792"/>
</kw>
<var name="${index}">9</var>
<var name="${element}">//input[@name="zipcode"]</var>
<status status="PASS" start="2025-09-25T13:47:42.050286" elapsed="0.119305"/>
</iter>
<var>${index}</var>
<var>${element}</var>
<value>@{input_fields}</value>
<status status="PASS" start="2025-09-25T13:47:40.978075" elapsed="1.191593"/>
</for>
<kw name="Click Button" owner="SeleniumLibrary">
<msg time="2025-09-25T13:47:42.170220" level="INFO">Clicking button '//button[@type="submit"]'.</msg>
<arg>${btn_submit}</arg>
<doc>Clicks the button identified by ``locator``.</doc>
<status status="PASS" start="2025-09-25T13:47:42.169887" elapsed="0.109856"/>
</kw>
<kw name="Wait Until Element Is Visible" owner="SeleniumLibrary">
<arg>${div_customerCreated}</arg>
<doc>Waits until the element ``locator`` is visible.</doc>
<status status="PASS" start="2025-09-25T13:47:42.279972" elapsed="0.449961"/>
</kw>
<arg>${INPUT_FIELDS_CUSTOMERS}</arg>
<arg>${list_inputs}</arg>
<status status="PASS" start="2025-09-25T13:47:40.690141" elapsed="2.039971"/>
</kw>
<kw name="Go To Page" owner="CustomerPage">
<kw name="Wait Until Element Is Visible" owner="SeleniumLibrary">
<arg>${locator_btn}</arg>
<doc>Waits until the element ``locator`` is visible.</doc>
<status status="PASS" start="2025-09-25T13:47:42.731041" elapsed="0.013359"/>
</kw>
<kw name="Click Element" owner="SeleniumLibrary">
<msg time="2025-09-25T13:47:42.744947" level="INFO">Clicking element '//a[@href="#/customers"]'.</msg>
<arg>${locator_btn}</arg>
<doc>Click the element identified by ``locator``.</doc>
<status status="PASS" start="2025-09-25T13:47:42.744650" elapsed="0.074521"/>
</kw>
<arg>${a_customers}</arg>
<status status="PASS" start="2025-09-25T13:47:42.730417" elapsed="0.088923"/>
</kw>
<kw name="Verify User Is Added" owner="CustomerPage">
<kw name="Click Button" owner="SeleniumLibrary">
<msg time="2025-09-25T13:47:42.821260" level="INFO">Clicking button '//button[@aria-label="Refresh"]'.</msg>
<arg>${btn_refreshcustomer}</arg>
<doc>Clicks the button identified by ``locator``.</doc>
<status status="PASS" start="2025-09-25T13:47:42.820914" elapsed="0.658320"/>
</kw>
<kw name="Get Text" owner="SeleniumLibrary">
<msg time="2025-09-25T13:47:43.527538" level="INFO">${test_name} = E
Ervin Howell</msg>
<var>${test_name}</var>
<arg>${td_firstusernameadded}</arg>
<doc>Returns the text value of the element identified by ``locator``.</doc>
<status status="PASS" start="2025-09-25T13:47:43.479459" elapsed="0.048151"/>
</kw>
<if>
<branch type="IF" condition="&quot;\\n&quot; in &quot;&quot;&quot;${test_name}&quot;&quot;&quot;">
<kw name="Evaluate" owner="BuiltIn">
<msg time="2025-09-25T13:47:43.528590" level="INFO">${test_name} = Ervin Howell</msg>
<var>${test_name}</var>
<arg>"""${test_name}""".replace("\\n","")[1:]</arg>
<doc>Evaluates the given expression in Python and returns the result.</doc>
<status status="PASS" start="2025-09-25T13:47:43.528194" elapsed="0.000444"/>
</kw>
<status status="PASS" start="2025-09-25T13:47:43.527813" elapsed="0.000907"/>
</branch>
<status status="PASS" start="2025-09-25T13:47:43.527765" elapsed="0.001026"/>
</if>
<kw name="Evaluate" owner="BuiltIn">
<msg time="2025-09-25T13:47:43.529280" level="INFO">${user} = Ervin Howell</msg>
<var>${user}</var>
<arg>" ".join("""${user}""".split(" ")[0:2])</arg>
<doc>Evaluates the given expression in Python and returns the result.</doc>
<status status="PASS" start="2025-09-25T13:47:43.528943" elapsed="0.000381"/>
</kw>
<kw name="Log To Console" owner="BuiltIn">
<arg>${test_name}</arg>
<doc>Logs the given message to the console.</doc>
<status status="PASS" start="2025-09-25T13:47:43.529504" elapsed="0.000328"/>
</kw>
<kw name="Should Be Equal As Strings" owner="BuiltIn">
<arg>${test_name}</arg>
<arg>${user}</arg>
<doc>Fails if objects are unequal after converting them to strings.</doc>
<status status="PASS" start="2025-09-25T13:47:43.530051" elapsed="0.000951"/>
</kw>
<arg>${i["name"]}</arg>
<status status="PASS" start="2025-09-25T13:47:42.819737" elapsed="0.711486"/>
</kw>
<kw name="Evaluate" owner="BuiltIn">
<msg time="2025-09-25T13:47:43.532378" level="INFO">${list_inputs}[3] = 2017-07-01</msg>
<var>${list_inputs}[3]</var>
<arg>"-".join(["${list_inputs}[3][4:8]","${list_inputs}[3][0:2]","${list_inputs}[3][2:4]"])</arg>
<doc>Evaluates the given expression in Python and returns the result.</doc>
<status status="PASS" start="2025-09-25T13:47:43.531504" elapsed="0.000956"/>
</kw>
<kw name="Go To Page" owner="CustomerPage">
<kw name="Wait Until Element Is Visible" owner="SeleniumLibrary">
<arg>${locator_btn}</arg>
<doc>Waits until the element ``locator`` is visible.</doc>
<status status="PASS" start="2025-09-25T13:47:43.533395" elapsed="0.019452"/>
</kw>
<kw name="Click Element" owner="SeleniumLibrary">
<msg time="2025-09-25T13:47:43.553471" level="INFO">Clicking element '//tr[1]/td[2]/a'.</msg>
<arg>${locator_btn}</arg>
<doc>Click the element identified by ``locator``.</doc>
<status status="PASS" start="2025-09-25T13:47:43.553116" elapsed="0.075212"/>
</kw>
<arg>${a_firstusernameadded}</arg>
<status status="PASS" start="2025-09-25T13:47:43.532858" elapsed="0.095624"/>
</kw>
<kw name="Verify Details" owner="CustomerPage">
<kw name="Wait Until Element Is Visible" owner="SeleniumLibrary">
<arg>${input_firstname}</arg>
<doc>Waits until the element ``locator`` is visible.</doc>
<status status="PASS" start="2025-09-25T13:47:43.629379" elapsed="0.296087"/>
</kw>
<for flavor="IN ENUMERATE">
<iter>
<kw name="Get Element Attribute" owner="SeleniumLibrary">
<msg time="2025-09-25T13:47:43.947085" level="INFO">${input_value} = Ervin</msg>
<var>${input_value}</var>
<arg>${element}</arg>
<arg>value</arg>
<doc>Returns the value of ``attribute`` from the element ``locator``.</doc>
<status status="PASS" start="2025-09-25T13:47:43.926745" elapsed="0.020460"/>
</kw>
<kw name="Should Be Equal As Strings" owner="BuiltIn">
<arg>${input_value}</arg>
<arg>${input_values}[${index}]</arg>
<doc>Fails if objects are unequal after converting them to strings.</doc>
<status status="PASS" start="2025-09-25T13:47:43.947716" elapsed="0.000815"/>
</kw>
<var name="${index}">0</var>
<var name="${element}">//input[@name="first_name"]</var>
<status status="PASS" start="2025-09-25T13:47:43.926376" elapsed="0.022338"/>
</iter>
<iter>
<kw name="Get Element Attribute" owner="SeleniumLibrary">
<msg time="2025-09-25T13:47:43.970175" level="INFO">${input_value} = Howell</msg>
<var>${input_value}</var>
<arg>${element}</arg>
<arg>value</arg>
<doc>Returns the value of ``attribute`` from the element ``locator``.</doc>
<status status="PASS" start="2025-09-25T13:47:43.949633" elapsed="0.020604"/>
</kw>
<kw name="Should Be Equal As Strings" owner="BuiltIn">
<arg>${input_value}</arg>
<arg>${input_values}[${index}]</arg>
<doc>Fails if objects are unequal after converting them to strings.</doc>
<status status="PASS" start="2025-09-25T13:47:43.970464" elapsed="0.000340"/>
</kw>
<var name="${index}">1</var>
<var name="${element}">//input[@name="last_name"]</var>
<status status="PASS" start="2025-09-25T13:47:43.949293" elapsed="0.021573"/>
</iter>
<iter>
<kw name="Get Element Attribute" owner="SeleniumLibrary">
<msg time="2025-09-25T13:47:43.988965" level="INFO">${input_value} = Shanna@melissa.tv</msg>
<var>${input_value}</var>
<arg>${element}</arg>
<arg>value</arg>
<doc>Returns the value of ``attribute`` from the element ``locator``.</doc>
<status status="PASS" start="2025-09-25T13:47:43.971171" elapsed="0.017846"/>
</kw>
<kw name="Should Be Equal As Strings" owner="BuiltIn">
<arg>${input_value}</arg>
<arg>${input_values}[${index}]</arg>
<doc>Fails if objects are unequal after converting them to strings.</doc>
<status status="PASS" start="2025-09-25T13:47:43.989212" elapsed="0.000289"/>
</kw>
<var name="${index}">2</var>
<var name="${element}">//input[@name="email"]</var>
<status status="PASS" start="2025-09-25T13:47:43.971047" elapsed="0.018538"/>
</iter>
<iter>
<kw name="Get Element Attribute" owner="SeleniumLibrary">
<msg time="2025-09-25T13:47:44.006048" level="INFO">${input_value} = 2017-07-01</msg>
<var>${input_value}</var>
<arg>${element}</arg>
<arg>value</arg>
<doc>Returns the value of ``attribute`` from the element ``locator``.</doc>
<status status="PASS" start="2025-09-25T13:47:43.989906" elapsed="0.016205"/>
</kw>
<kw name="Should Be Equal As Strings" owner="BuiltIn">
<arg>${input_value}</arg>
<arg>${input_values}[${index}]</arg>
<doc>Fails if objects are unequal after converting them to strings.</doc>
<status status="PASS" start="2025-09-25T13:47:44.006322" elapsed="0.000323"/>
</kw>
<var name="${index}">3</var>
<var name="${element}">//input[@name="birthday"]</var>
<status status="PASS" start="2025-09-25T13:47:43.989763" elapsed="0.016941"/>
</iter>
<iter>
<kw name="Get Element Attribute" owner="SeleniumLibrary">
<msg time="2025-09-25T13:47:44.029130" level="INFO">${input_value} = pT96X3#9</msg>
<var>${input_value}</var>
<arg>${element}</arg>
<arg>value</arg>
<doc>Returns the value of ``attribute`` from the element ``locator``.</doc>
<status status="PASS" start="2025-09-25T13:47:44.007017" elapsed="0.022181"/>
</kw>
<kw name="Should Be Equal As Strings" owner="BuiltIn">
<arg>${input_value}</arg>
<arg>${input_values}[${index}]</arg>
<doc>Fails if objects are unequal after converting them to strings.</doc>
<status status="PASS" start="2025-09-25T13:47:44.029446" elapsed="0.000403"/>
</kw>
<var name="${index}">4</var>
<var name="${element}">//input[@name="password"]</var>
<status status="PASS" start="2025-09-25T13:47:44.006877" elapsed="0.023053"/>
</iter>
<iter>
<kw name="Get Element Attribute" owner="SeleniumLibrary">
<msg time="2025-09-25T13:47:44.044097" level="INFO">${input_value} = pT96X3#9</msg>
<var>${input_value}</var>
<arg>${element}</arg>
<arg>value</arg>
<doc>Returns the value of ``attribute`` from the element ``locator``.</doc>
<status status="PASS" start="2025-09-25T13:47:44.030346" elapsed="0.013804"/>
</kw>
<kw name="Should Be Equal As Strings" owner="BuiltIn">
<arg>${input_value}</arg>
<arg>${input_values}[${index}]</arg>
<doc>Fails if objects are unequal after converting them to strings.</doc>
<status status="PASS" start="2025-09-25T13:47:44.044349" elapsed="0.000297"/>
</kw>
<var name="${index}">5</var>
<var name="${element}">//input[@name="confirm_password"]</var>
<status status="PASS" start="2025-09-25T13:47:44.030171" elapsed="0.014528"/>
</iter>
<iter>
<kw name="Get Element Attribute" owner="SeleniumLibrary">
<msg time="2025-09-25T13:47:44.058936" level="INFO">${input_value} = Victor Plains</msg>
<var>${input_value}</var>
<arg>${element}</arg>
<arg>value</arg>
<doc>Returns the value of ``attribute`` from the element ``locator``.</doc>
<status status="PASS" start="2025-09-25T13:47:44.044984" elapsed="0.014004"/>
</kw>
<kw name="Should Be Equal As Strings" owner="BuiltIn">
<arg>${input_value}</arg>
<arg>${input_values}[${index}]</arg>
<doc>Fails if objects are unequal after converting them to strings.</doc>
<status status="PASS" start="2025-09-25T13:47:44.059182" elapsed="0.000278"/>
</kw>
<var name="${index}">6</var>
<var name="${element}">//textarea[@name="address"]</var>
<status status="PASS" start="2025-09-25T13:47:44.044861" elapsed="0.014660"/>
</iter>
<iter>
<kw name="Get Element Attribute" owner="SeleniumLibrary">
<msg time="2025-09-25T13:47:44.072933" level="INFO">${input_value} = Wisokyburgh</msg>
<var>${input_value}</var>
<arg>${element}</arg>
<arg>value</arg>
<doc>Returns the value of ``attribute`` from the element ``locator``.</doc>
<status status="PASS" start="2025-09-25T13:47:44.059799" elapsed="0.013226"/>
</kw>
<kw name="Should Be Equal As Strings" owner="BuiltIn">
<arg>${input_value}</arg>
<arg>${input_values}[${index}]</arg>
<doc>Fails if objects are unequal after converting them to strings.</doc>
<status status="PASS" start="2025-09-25T13:47:44.073394" elapsed="0.000594"/>
</kw>
<var name="${index}">7</var>
<var name="${element}">//input[@name="city"]</var>
<status status="PASS" start="2025-09-25T13:47:44.059680" elapsed="0.014431"/>
</iter>
<iter>
<kw name="Get Element Attribute" owner="SeleniumLibrary">
<msg time="2025-09-25T13:47:44.087741" level="INFO">${input_value} = Sui</msg>
<var>${input_value}</var>
<arg>${element}</arg>
<arg>value</arg>
<doc>Returns the value of ``attribute`` from the element ``locator``.</doc>
<status status="PASS" start="2025-09-25T13:47:44.074687" elapsed="0.013105"/>
</kw>
<kw name="Should Be Equal As Strings" owner="BuiltIn">
<arg>${input_value}</arg>
<arg>${input_values}[${index}]</arg>
<doc>Fails if objects are unequal after converting them to strings.</doc>
<status status="PASS" start="2025-09-25T13:47:44.088001" elapsed="0.000271"/>
</kw>
<var name="${index}">8</var>
<var name="${element}">//input[@name="stateAbbr"]</var>
<status status="PASS" start="2025-09-25T13:47:44.074440" elapsed="0.013885"/>
</iter>
<iter>
<kw name="Get Element Attribute" owner="SeleniumLibrary">
<msg time="2025-09-25T13:47:44.102260" level="INFO">${input_value} = 90566-7771</msg>
<var>${input_value}</var>
<arg>${element}</arg>
<arg>value</arg>
<doc>Returns the value of ``attribute`` from the element ``locator``.</doc>
<status status="PASS" start="2025-09-25T13:47:44.088587" elapsed="0.013725"/>
</kw>
<kw name="Should Be Equal As Strings" owner="BuiltIn">
<arg>${input_value}</arg>
<arg>${input_values}[${index}]</arg>
<doc>Fails if objects are unequal after converting them to strings.</doc>
<status status="PASS" start="2025-09-25T13:47:44.102503" elapsed="0.000300"/>
</kw>
<var name="${index}">9</var>
<var name="${element}">//input[@name="zipcode"]</var>
<status status="PASS" start="2025-09-25T13:47:44.088476" elapsed="0.014378"/>
</iter>
<var>${index}</var>
<var>${element}</var>
<value>@{input_fields}</value>
<status status="PASS" start="2025-09-25T13:47:43.925763" elapsed="0.177162"/>
</for>
<arg>${INPUT_FIELDS_CUSTOMERS}</arg>
<arg>${list_inputs}</arg>
<status status="PASS" start="2025-09-25T13:47:43.628801" elapsed="0.474219"/>
</kw>
<var name="${i}">{'id': 2, 'name': 'Ervin Howell', 'username': 'Antonette', 'email': 'Shanna@melissa.tv', 'address': {'street': 'Victor Plains', 'suite': 'Suite 879', 'city': 'Wisokyburgh', 'zipcode': '90566-7771', 'g...</var>
<status status="PASS" start="2025-09-25T13:47:40.252218" elapsed="3.850848"/>
</iter>
<iter>
<kw name="Go To Page" owner="CustomerPage">
<kw name="Wait Until Element Is Visible" owner="SeleniumLibrary">
<arg>${locator_btn}</arg>
<doc>Waits until the element ``locator`` is visible.</doc>
<status status="PASS" start="2025-09-25T13:47:44.103745" elapsed="0.015276"/>
</kw>
<kw name="Click Element" owner="SeleniumLibrary">
<msg time="2025-09-25T13:47:44.119494" level="INFO">Clicking element '//a[@href="#/customers"]'.</msg>
<arg>${locator_btn}</arg>
<doc>Click the element identified by ``locator``.</doc>
<status status="PASS" start="2025-09-25T13:47:44.119234" elapsed="0.075529"/>
</kw>
<arg>${a_customers}</arg>
<status status="PASS" start="2025-09-25T13:47:44.103379" elapsed="0.091644"/>
</kw>
<kw name="Go To Page" owner="CustomerPage">
<kw name="Wait Until Element Is Visible" owner="SeleniumLibrary">
<arg>${locator_btn}</arg>
<doc>Waits until the element ``locator`` is visible.</doc>
<status status="PASS" start="2025-09-25T13:47:44.196357" elapsed="0.258025"/>
</kw>
<kw name="Click Element" owner="SeleniumLibrary">
<msg time="2025-09-25T13:47:44.455429" level="INFO">Clicking element '//a[@href="#/customers/create"]'.</msg>
<arg>${locator_btn}</arg>
<doc>Click the element identified by ``locator``.</doc>
<status status="PASS" start="2025-09-25T13:47:44.454852" elapsed="0.097509"/>
</kw>
<arg>${a_customers_create}</arg>
<status status="PASS" start="2025-09-25T13:47:44.195468" elapsed="0.357030"/>
</kw>
<kw name="Create List" owner="BuiltIn">
<msg time="2025-09-25T13:47:44.556888" level="INFO">${list_inputs} = ['Clementine', 'Bauch', 'Nathan@yesenia.net', '11252006', '#hj9zw4!', '#hj9zw4!', 'Douglas Extension', 'McKenziehaven', 'Sui', '59590-4157']</msg>
<var>${list_inputs}</var>
<arg>${i["name"].split(" ")[0]}</arg>
<arg>${i["name"].split(" ")[1]}</arg>
<arg>${i["email"]}</arg>
<arg>${i["birthday"]}</arg>
<arg>${i["password"]}</arg>
<arg>${i["password"]}</arg>
<arg>${i["address"]["street"]}</arg>
<arg>${i["address"]["city"]}</arg>
<arg>${i["address"]["state"]}</arg>
<arg>${i["address"]["zipcode"]}</arg>
<doc>Returns a list containing given items.</doc>
<status status="PASS" start="2025-09-25T13:47:44.552692" elapsed="0.004258"/>
</kw>
<kw name="Create Customer" owner="CustomerPage">
<kw name="Wait Until Element Is Visible" owner="SeleniumLibrary">
<arg>${input_firstname}</arg>
<doc>Waits until the element ``locator`` is visible.</doc>
<status status="PASS" start="2025-09-25T13:47:44.557791" elapsed="0.086305"/>
</kw>
<for flavor="IN ENUMERATE">
<iter>
<kw name="Input Text" owner="SeleniumLibrary">
<msg time="2025-09-25T13:47:44.644906" level="INFO">Typing text 'Clementine' into text field '//input[@name="first_name"]'.</msg>
<arg>${element}</arg>
<arg>${input_values}[${index}]</arg>
<doc>Types the given ``text`` into the text field identified by ``locator``.</doc>
<status status="PASS" start="2025-09-25T13:47:44.644622" elapsed="0.106248"/>
</kw>
<var name="${index}">0</var>
<var name="${element}">//input[@name="first_name"]</var>
<status status="PASS" start="2025-09-25T13:47:44.644465" elapsed="0.106526"/>
</iter>
<iter>
<kw name="Input Text" owner="SeleniumLibrary">
<msg time="2025-09-25T13:47:44.751929" level="INFO">Typing text 'Bauch' into text field '//input[@name="last_name"]'.</msg>
<arg>${element}</arg>
<arg>${input_values}[${index}]</arg>
<doc>Types the given ``text`` into the text field identified by ``locator``.</doc>
<status status="PASS" start="2025-09-25T13:47:44.751427" elapsed="0.100040"/>
</kw>
<var name="${index}">1</var>
<var name="${element}">//input[@name="last_name"]</var>
<status status="PASS" start="2025-09-25T13:47:44.751205" elapsed="0.100399"/>
</iter>
<iter>
<kw name="Input Text" owner="SeleniumLibrary">
<msg time="2025-09-25T13:47:44.852317" level="INFO">Typing text 'Nathan@yesenia.net' into text field '//input[@name="email"]'.</msg>
<arg>${element}</arg>
<arg>${input_values}[${index}]</arg>
<doc>Types the given ``text`` into the text field identified by ``locator``.</doc>
<status status="PASS" start="2025-09-25T13:47:44.851967" elapsed="0.135301"/>
</kw>
<var name="${index}">2</var>
<var name="${element}">//input[@name="email"]</var>
<status status="PASS" start="2025-09-25T13:47:44.851809" elapsed="0.135617"/>
</iter>
<iter>
<kw name="Input Text" owner="SeleniumLibrary">
<msg time="2025-09-25T13:47:44.988438" level="INFO">Typing text '11252006' into text field '//input[@name="birthday"]'.</msg>
<arg>${element}</arg>
<arg>${input_values}[${index}]</arg>
<doc>Types the given ``text`` into the text field identified by ``locator``.</doc>
<status status="PASS" start="2025-09-25T13:47:44.987971" elapsed="0.104955"/>
</kw>
<var name="${index}">3</var>
<var name="${element}">//input[@name="birthday"]</var>
<status status="PASS" start="2025-09-25T13:47:44.987753" elapsed="0.105304"/>
</iter>
<iter>
<kw name="Input Text" owner="SeleniumLibrary">
<msg time="2025-09-25T13:47:45.093939" level="INFO">Typing text '#hj9zw4!' into text field '//input[@name="password"]'.</msg>
<arg>${element}</arg>
<arg>${input_values}[${index}]</arg>
<doc>Types the given ``text`` into the text field identified by ``locator``.</doc>
<status status="PASS" start="2025-09-25T13:47:45.093519" elapsed="0.111072"/>
</kw>
<var name="${index}">4</var>
<var name="${element}">//input[@name="password"]</var>
<status status="PASS" start="2025-09-25T13:47:45.093313" elapsed="0.111395"/>
</iter>
<iter>
<kw name="Input Text" owner="SeleniumLibrary">
<msg time="2025-09-25T13:47:45.205494" level="INFO">Typing text '#hj9zw4!' into text field '//input[@name="confirm_password"]'.</msg>
<arg>${element}</arg>
<arg>${input_values}[${index}]</arg>
<doc>Types the given ``text`` into the text field identified by ``locator``.</doc>
<status status="PASS" start="2025-09-25T13:47:45.205107" elapsed="0.109333"/>
</kw>
<var name="${index}">5</var>
<var name="${element}">//input[@name="confirm_password"]</var>
<status status="PASS" start="2025-09-25T13:47:45.204930" elapsed="0.109729"/>
</iter>
<iter>
<kw name="Input Text" owner="SeleniumLibrary">
<msg time="2025-09-25T13:47:45.315687" level="INFO">Typing text 'Douglas Extension' into text field '//textarea[@name="address"]'.</msg>
<arg>${element}</arg>
<arg>${input_values}[${index}]</arg>
<doc>Types the given ``text`` into the text field identified by ``locator``.</doc>
<status status="PASS" start="2025-09-25T13:47:45.315223" elapsed="0.132781"/>
</kw>
<var name="${index}">6</var>
<var name="${element}">//textarea[@name="address"]</var>
<status status="PASS" start="2025-09-25T13:47:45.315001" elapsed="0.133154"/>
</iter>
<iter>
<kw name="Input Text" owner="SeleniumLibrary">
<msg time="2025-09-25T13:47:45.448983" level="INFO">Typing text 'McKenziehaven' into text field '//input[@name="city"]'.</msg>
<arg>${element}</arg>
<arg>${input_values}[${index}]</arg>
<doc>Types the given ``text`` into the text field identified by ``locator``.</doc>
<status status="PASS" start="2025-09-25T13:47:45.448592" elapsed="0.124831"/>
</kw>
<var name="${index}">7</var>
<var name="${element}">//input[@name="city"]</var>
<status status="PASS" start="2025-09-25T13:47:45.448381" elapsed="0.125195"/>
</iter>
<iter>
<kw name="Input Text" owner="SeleniumLibrary">
<msg time="2025-09-25T13:47:45.574431" level="INFO">Typing text 'Sui' into text field '//input[@name="stateAbbr"]'.</msg>
<arg>${element}</arg>
<arg>${input_values}[${index}]</arg>
<doc>Types the given ``text`` into the text field identified by ``locator``.</doc>
<status status="PASS" start="2025-09-25T13:47:45.574018" elapsed="0.104454"/>
</kw>
<var name="${index}">8</var>
<var name="${element}">//input[@name="stateAbbr"]</var>
<status status="PASS" start="2025-09-25T13:47:45.573826" elapsed="0.104882"/>
</iter>
<iter>
<kw name="Input Text" owner="SeleniumLibrary">
<msg time="2025-09-25T13:47:45.680157" level="INFO">Typing text '59590-4157' into text field '//input[@name="zipcode"]'.</msg>
<arg>${element}</arg>
<arg>${input_values}[${index}]</arg>
<doc>Types the given ``text`` into the text field identified by ``locator``.</doc>
<status status="PASS" start="2025-09-25T13:47:45.679409" elapsed="0.112619"/>
</kw>
<var name="${index}">9</var>
<var name="${element}">//input[@name="zipcode"]</var>
<status status="PASS" start="2025-09-25T13:47:45.679105" elapsed="0.113053"/>
</iter>
<var>${index}</var>
<var>${element}</var>
<value>@{input_fields}</value>
<status status="PASS" start="2025-09-25T13:47:44.644225" elapsed="1.148111"/>
</for>
<kw name="Click Button" owner="SeleniumLibrary">
<msg time="2025-09-25T13:47:45.792981" level="INFO">Clicking button '//button[@type="submit"]'.</msg>
<arg>${btn_submit}</arg>
<doc>Clicks the button identified by ``locator``.</doc>
<status status="PASS" start="2025-09-25T13:47:45.792601" elapsed="0.114832"/>
</kw>
<kw name="Wait Until Element Is Visible" owner="SeleniumLibrary">
<arg>${div_customerCreated}</arg>
<doc>Waits until the element ``locator`` is visible.</doc>
<status status="PASS" start="2025-09-25T13:47:45.907858" elapsed="0.442063"/>
</kw>
<arg>${INPUT_FIELDS_CUSTOMERS}</arg>
<arg>${list_inputs}</arg>
<status status="PASS" start="2025-09-25T13:47:44.557291" elapsed="1.792778"/>
</kw>
<kw name="Go To Page" owner="CustomerPage">
<kw name="Wait Until Element Is Visible" owner="SeleniumLibrary">
<arg>${locator_btn}</arg>
<doc>Waits until the element ``locator`` is visible.</doc>
<status status="PASS" start="2025-09-25T13:47:46.350660" elapsed="0.014373"/>
</kw>
<kw name="Click Element" owner="SeleniumLibrary">
<msg time="2025-09-25T13:47:46.365590" level="INFO">Clicking element '//a[@href="#/customers"]'.</msg>
<arg>${locator_btn}</arg>
<doc>Click the element identified by ``locator``.</doc>
<status status="PASS" start="2025-09-25T13:47:46.365280" elapsed="0.076095"/>
</kw>
<arg>${a_customers}</arg>
<status status="PASS" start="2025-09-25T13:47:46.350291" elapsed="0.091259"/>
</kw>
<kw name="Verify User Is Added" owner="CustomerPage">
<kw name="Click Button" owner="SeleniumLibrary">
<msg time="2025-09-25T13:47:46.442907" level="INFO">Clicking button '//button[@aria-label="Refresh"]'.</msg>
<arg>${btn_refreshcustomer}</arg>
<doc>Clicks the button identified by ``locator``.</doc>
<status status="PASS" start="2025-09-25T13:47:46.442692" elapsed="0.623602"/>
</kw>
<kw name="Get Text" owner="SeleniumLibrary">
<msg time="2025-09-25T13:47:47.091289" level="INFO">${test_name} = Clementine Bauch</msg>
<var>${test_name}</var>
<arg>${td_firstusernameadded}</arg>
<doc>Returns the text value of the element identified by ``locator``.</doc>
<status status="PASS" start="2025-09-25T13:47:47.066535" elapsed="0.024862"/>
</kw>
<if>
<branch type="IF" condition="&quot;\\n&quot; in &quot;&quot;&quot;${test_name}&quot;&quot;&quot;">
<kw name="Evaluate" owner="BuiltIn">
<var>${test_name}</var>
<arg>"""${test_name}""".replace("\\n","")[1:]</arg>
<doc>Evaluates the given expression in Python and returns the result.</doc>
<status status="NOT RUN" start="2025-09-25T13:47:47.092209" elapsed="0.000079"/>
</kw>
<status status="NOT RUN" start="2025-09-25T13:47:47.091689" elapsed="0.000712"/>
</branch>
<status status="PASS" start="2025-09-25T13:47:47.091627" elapsed="0.000874"/>
</if>
<kw name="Evaluate" owner="BuiltIn">
<msg time="2025-09-25T13:47:47.093293" level="INFO">${user} = Clementine Bauch</msg>
<var>${user}</var>
<arg>" ".join("""${user}""".split(" ")[0:2])</arg>
<doc>Evaluates the given expression in Python and returns the result.</doc>
<status status="PASS" start="2025-09-25T13:47:47.092727" elapsed="0.000639"/>
</kw>
<kw name="Log To Console" owner="BuiltIn">
<arg>${test_name}</arg>
<doc>Logs the given message to the console.</doc>
<status status="PASS" start="2025-09-25T13:47:47.093642" elapsed="0.000377"/>
</kw>
<kw name="Should Be Equal As Strings" owner="BuiltIn">
<arg>${test_name}</arg>
<arg>${user}</arg>
<doc>Fails if objects are unequal after converting them to strings.</doc>
<status status="PASS" start="2025-09-25T13:47:47.094365" elapsed="0.000508"/>
</kw>
<arg>${i["name"]}</arg>
<status status="PASS" start="2025-09-25T13:47:46.441879" elapsed="0.653206"/>
</kw>
<kw name="Evaluate" owner="BuiltIn">
<msg time="2025-09-25T13:47:47.096613" level="INFO">${list_inputs}[3] = 2006-11-25</msg>
<var>${list_inputs}[3]</var>
<arg>"-".join(["${list_inputs}[3][4:8]","${list_inputs}[3][0:2]","${list_inputs}[3][2:4]"])</arg>
<doc>Evaluates the given expression in Python and returns the result.</doc>
<status status="PASS" start="2025-09-25T13:47:47.095411" elapsed="0.001319"/>
</kw>
<kw name="Go To Page" owner="CustomerPage">
<kw name="Wait Until Element Is Visible" owner="SeleniumLibrary">
<arg>${locator_btn}</arg>
<doc>Waits until the element ``locator`` is visible.</doc>
<status status="PASS" start="2025-09-25T13:47:47.098122" elapsed="0.019743"/>
</kw>
<kw name="Click Element" owner="SeleniumLibrary">
<msg time="2025-09-25T13:47:47.118465" level="INFO">Clicking element '//tr[1]/td[2]/a'.</msg>
<arg>${locator_btn}</arg>
<doc>Click the element identified by ``locator``.</doc>
<status status="PASS" start="2025-09-25T13:47:47.118167" elapsed="0.074716"/>
</kw>
<arg>${a_firstusernameadded}</arg>
<status status="PASS" start="2025-09-25T13:47:47.097289" elapsed="0.095786"/>
</kw>
<kw name="Verify Details" owner="CustomerPage">
<kw name="Wait Until Element Is Visible" owner="SeleniumLibrary">
<arg>${input_firstname}</arg>
<doc>Waits until the element ``locator`` is visible.</doc>
<status status="PASS" start="2025-09-25T13:47:47.193893" elapsed="0.295289"/>
</kw>
<for flavor="IN ENUMERATE">
<iter>
<kw name="Get Element Attribute" owner="SeleniumLibrary">
<msg time="2025-09-25T13:47:47.511939" level="INFO">${input_value} = Clementine</msg>
<var>${input_value}</var>
<arg>${element}</arg>
<arg>value</arg>
<doc>Returns the value of ``attribute`` from the element ``locator``.</doc>
<status status="PASS" start="2025-09-25T13:47:47.490300" elapsed="0.021774"/>
</kw>
<kw name="Should Be Equal As Strings" owner="BuiltIn">
<arg>${input_value}</arg>
<arg>${input_values}[${index}]</arg>
<doc>Fails if objects are unequal after converting them to strings.</doc>
<status status="PASS" start="2025-09-25T13:47:47.512635" elapsed="0.000940"/>
</kw>
<var name="${index}">0</var>
<var name="${element}">//input[@name="first_name"]</var>
<status status="PASS" start="2025-09-25T13:47:47.489990" elapsed="0.023823"/>
</iter>
<iter>
<kw name="Get Element Attribute" owner="SeleniumLibrary">
<msg time="2025-09-25T13:47:47.529278" level="INFO">${input_value} = Bauch</msg>
<var>${input_value}</var>
<arg>${element}</arg>
<arg>value</arg>
<doc>Returns the value of ``attribute`` from the element ``locator``.</doc>
<status status="PASS" start="2025-09-25T13:47:47.514876" elapsed="0.014482"/>
</kw>
<kw name="Should Be Equal As Strings" owner="BuiltIn">
<arg>${input_value}</arg>
<arg>${input_values}[${index}]</arg>
<doc>Fails if objects are unequal after converting them to strings.</doc>
<status status="PASS" start="2025-09-25T13:47:47.529695" elapsed="0.000463"/>
</kw>
<var name="${index}">1</var>
<var name="${element}">//input[@name="last_name"]</var>
<status status="PASS" start="2025-09-25T13:47:47.514473" elapsed="0.015780"/>
</iter>
<iter>
<kw name="Get Element Attribute" owner="SeleniumLibrary">
<msg time="2025-09-25T13:47:47.543968" level="INFO">${input_value} = Nathan@yesenia.net</msg>
<var>${input_value}</var>
<arg>${element}</arg>
<arg>value</arg>
<doc>Returns the value of ``attribute`` from the element ``locator``.</doc>
<status status="PASS" start="2025-09-25T13:47:47.530701" elapsed="0.013330"/>
</kw>
<kw name="Should Be Equal As Strings" owner="BuiltIn">
<arg>${input_value}</arg>
<arg>${input_values}[${index}]</arg>
<doc>Fails if objects are unequal after converting them to strings.</doc>
<status status="PASS" start="2025-09-25T13:47:47.544266" elapsed="0.000386"/>
</kw>
<var name="${index}">2</var>
<var name="${element}">//input[@name="email"]</var>
<status status="PASS" start="2025-09-25T13:47:47.530484" elapsed="0.014249"/>
</iter>
<iter>
<kw name="Get Element Attribute" owner="SeleniumLibrary">
<msg time="2025-09-25T13:47:47.558280" level="INFO">${input_value} = 2006-11-25</msg>
<var>${input_value}</var>
<arg>${element}</arg>
<arg>value</arg>
<doc>Returns the value of ``attribute`` from the element ``locator``.</doc>
<status status="PASS" start="2025-09-25T13:47:47.545114" elapsed="0.013220"/>
</kw>
<kw name="Should Be Equal As Strings" owner="BuiltIn">
<arg>${input_value}</arg>
<arg>${input_values}[${index}]</arg>
<doc>Fails if objects are unequal after converting them to strings.</doc>
<status status="PASS" start="2025-09-25T13:47:47.558557" elapsed="0.000365"/>
</kw>
<var name="${index}">3</var>
<var name="${element}">//input[@name="birthday"]</var>
<status status="PASS" start="2025-09-25T13:47:47.544949" elapsed="0.014033"/>
</iter>
<iter>
<kw name="Get Element Attribute" owner="SeleniumLibrary">
<msg time="2025-09-25T13:47:47.572235" level="INFO">${input_value} = #hj9zw4!</msg>
<var>${input_value}</var>
<arg>${element}</arg>
<arg>value</arg>
<doc>Returns the value of ``attribute`` from the element ``locator``.</doc>
<status status="PASS" start="2025-09-25T13:47:47.559267" elapsed="0.013030"/>
</kw>
<kw name="Should Be Equal As Strings" owner="BuiltIn">
<arg>${input_value}</arg>
<arg>${input_values}[${index}]</arg>
<doc>Fails if objects are unequal after converting them to strings.</doc>
<status status="PASS" start="2025-09-25T13:47:47.572542" elapsed="0.000336"/>
</kw>
<var name="${index}">4</var>
<var name="${element}">//input[@name="password"]</var>
<status status="PASS" start="2025-09-25T13:47:47.559145" elapsed="0.013802"/>
</iter>
<iter>
<kw name="Get Element Attribute" owner="SeleniumLibrary">
<msg time="2025-09-25T13:47:47.593498" level="INFO">${input_value} = #hj9zw4!</msg>
<var>${input_value}</var>
<arg>${element}</arg>
<arg>value</arg>
<doc>Returns the value of ``attribute`` from the element ``locator``.</doc>
<status status="PASS" start="2025-09-25T13:47:47.573263" elapsed="0.020307"/>
</kw>
<kw name="Should Be Equal As Strings" owner="BuiltIn">
<arg>${input_value}</arg>
<arg>${input_values}[${index}]</arg>
<doc>Fails if objects are unequal after converting them to strings.</doc>
<status status="PASS" start="2025-09-25T13:47:47.593795" elapsed="0.000328"/>
</kw>
<var name="${index}">5</var>
<var name="${element}">//input[@name="confirm_password"]</var>
<status status="PASS" start="2025-09-25T13:47:47.573133" elapsed="0.021055"/>
</iter>
<iter>
<kw name="Get Element Attribute" owner="SeleniumLibrary">
<msg time="2025-09-25T13:47:47.609430" level="INFO">${input_value} = Douglas Extension</msg>
<var>${input_value}</var>
<arg>${element}</arg>
<arg>value</arg>
<doc>Returns the value of ``attribute`` from the element ``locator``.</doc>
<status status="PASS" start="2025-09-25T13:47:47.594550" elapsed="0.014934"/>
</kw>
<kw name="Should Be Equal As Strings" owner="BuiltIn">
<arg>${input_value}</arg>
<arg>${input_values}[${index}]</arg>
<doc>Fails if objects are unequal after converting them to strings.</doc>
<status status="PASS" start="2025-09-25T13:47:47.609707" elapsed="0.000278"/>
</kw>
<var name="${index}">6</var>
<var name="${element}">//textarea[@name="address"]</var>
<status status="PASS" start="2025-09-25T13:47:47.594378" elapsed="0.015660"/>
</iter>
<iter>
<kw name="Get Element Attribute" owner="SeleniumLibrary">
<msg time="2025-09-25T13:47:47.632317" level="INFO">${input_value} = McKenziehaven</msg>
<var>${input_value}</var>
<arg>${element}</arg>
<arg>value</arg>
<doc>Returns the value of ``attribute`` from the element ``locator``.</doc>
<status status="PASS" start="2025-09-25T13:47:47.610309" elapsed="0.022065"/>
</kw>
<kw name="Should Be Equal As Strings" owner="BuiltIn">
<arg>${input_value}</arg>
<arg>${input_values}[${index}]</arg>
<doc>Fails if objects are unequal after converting them to strings.</doc>
<status status="PASS" start="2025-09-25T13:47:47.632599" elapsed="0.000294"/>
</kw>
<var name="${index}">7</var>
<var name="${element}">//input[@name="city"]</var>
<status status="PASS" start="2025-09-25T13:47:47.610205" elapsed="0.022745"/>
</iter>
<iter>
<kw name="Get Element Attribute" owner="SeleniumLibrary">
<msg time="2025-09-25T13:47:47.647541" level="INFO">${input_value} = Sui</msg>
<var>${input_value}</var>
<arg>${element}</arg>
<arg>value</arg>
<doc>Returns the value of ``attribute`` from the element ``locator``.</doc>
<status status="PASS" start="2025-09-25T13:47:47.633218" elapsed="0.014378"/>
</kw>
<kw name="Should Be Equal As Strings" owner="BuiltIn">
<arg>${input_value}</arg>
<arg>${input_values}[${index}]</arg>
<doc>Fails if objects are unequal after converting them to strings.</doc>
<status status="PASS" start="2025-09-25T13:47:47.647800" elapsed="0.000275"/>
</kw>
<var name="${index}">8</var>
<var name="${element}">//input[@name="stateAbbr"]</var>
<status status="PASS" start="2025-09-25T13:47:47.633110" elapsed="0.015016"/>
</iter>
<iter>
<kw name="Get Element Attribute" owner="SeleniumLibrary">
<msg time="2025-09-25T13:47:47.659051" level="INFO">${input_value} = 59590-4157</msg>
<var>${input_value}</var>
<arg>${element}</arg>
<arg>value</arg>
<doc>Returns the value of ``attribute`` from the element ``locator``.</doc>
<status status="PASS" start="2025-09-25T13:47:47.648374" elapsed="0.010728"/>
</kw>
<kw name="Should Be Equal As Strings" owner="BuiltIn">
<arg>${input_value}</arg>
<arg>${input_values}[${index}]</arg>
<doc>Fails if objects are unequal after converting them to strings.</doc>
<status status="PASS" start="2025-09-25T13:47:47.659299" elapsed="0.000284"/>
</kw>
<var name="${index}">9</var>
<var name="${element}">//input[@name="zipcode"]</var>
<status status="PASS" start="2025-09-25T13:47:47.648275" elapsed="0.011359"/>
</iter>
<var>${index}</var>
<var>${element}</var>
<value>@{input_fields}</value>
<status status="PASS" start="2025-09-25T13:47:47.489429" elapsed="0.170270"/>
</for>
<arg>${INPUT_FIELDS_CUSTOMERS}</arg>
<arg>${list_inputs}</arg>
<status status="PASS" start="2025-09-25T13:47:47.193373" elapsed="0.466425"/>
</kw>
<var name="${i}">{'id': 3, 'name': 'Clementine Bauch', 'username': 'Samantha', 'email': 'Nathan@yesenia.net', 'address': {'street': 'Douglas Extension', 'suite': 'Suite 847', 'city': 'McKenziehaven', 'zipcode': '59590...</var>
<status status="PASS" start="2025-09-25T13:47:44.103237" elapsed="3.556608"/>
</iter>
<iter>
<kw name="Go To Page" owner="CustomerPage">
<kw name="Wait Until Element Is Visible" owner="SeleniumLibrary">
<arg>${locator_btn}</arg>
<doc>Waits until the element ``locator`` is visible.</doc>
<status status="PASS" start="2025-09-25T13:47:47.660450" elapsed="0.015692"/>
</kw>
<kw name="Click Element" owner="SeleniumLibrary">
<msg time="2025-09-25T13:47:47.676634" level="INFO">Clicking element '//a[@href="#/customers"]'.</msg>
<arg>${locator_btn}</arg>
<doc>Click the element identified by ``locator``.</doc>
<status status="PASS" start="2025-09-25T13:47:47.676359" elapsed="0.078275"/>
</kw>
<arg>${a_customers}</arg>
<status status="PASS" start="2025-09-25T13:47:47.660159" elapsed="0.094632"/>
</kw>
<kw name="Go To Page" owner="CustomerPage">
<kw name="Wait Until Element Is Visible" owner="SeleniumLibrary">
<arg>${locator_btn}</arg>
<doc>Waits until the element ``locator`` is visible.</doc>
<status status="PASS" start="2025-09-25T13:47:47.755456" elapsed="0.247180"/>
</kw>
<kw name="Click Element" owner="SeleniumLibrary">
<msg time="2025-09-25T13:47:48.003216" level="INFO">Clicking element '//a[@href="#/customers/create"]'.</msg>
<arg>${locator_btn}</arg>
<doc>Click the element identified by ``locator``.</doc>
<status status="PASS" start="2025-09-25T13:47:48.002892" elapsed="0.075813"/>
</kw>
<arg>${a_customers_create}</arg>
<status status="PASS" start="2025-09-25T13:47:47.755034" elapsed="0.323875"/>
</kw>
<kw name="Create List" owner="BuiltIn">
<msg time="2025-09-25T13:47:48.086419" level="INFO">${list_inputs} = ['Patricia', 'Lebsack', 'Julianne.OConner@kory.org', '09131991', 'OiMm!adm', 'OiMm!adm', 'Hoeger Mall', 'South Elvis', 'Apt', '53919-4257']</msg>
<var>${list_inputs}</var>
<arg>${i["name"].split(" ")[0]}</arg>
<arg>${i["name"].split(" ")[1]}</arg>
<arg>${i["email"]}</arg>
<arg>${i["birthday"]}</arg>
<arg>${i["password"]}</arg>
<arg>${i["password"]}</arg>
<arg>${i["address"]["street"]}</arg>
<arg>${i["address"]["city"]}</arg>
<arg>${i["address"]["state"]}</arg>
<arg>${i["address"]["zipcode"]}</arg>
<doc>Returns a list containing given items.</doc>
<status status="PASS" start="2025-09-25T13:47:48.079169" elapsed="0.007318"/>
</kw>
<kw name="Create Customer" owner="CustomerPage">
<kw name="Wait Until Element Is Visible" owner="SeleniumLibrary">
<arg>${input_firstname}</arg>
<doc>Waits until the element ``locator`` is visible.</doc>
<status status="PASS" start="2025-09-25T13:47:48.087880" elapsed="0.079616"/>
</kw>
<for flavor="IN ENUMERATE">
<iter>
<kw name="Input Text" owner="SeleniumLibrary">
<msg time="2025-09-25T13:47:48.168578" level="INFO">Typing text 'Patricia' into text field '//input[@name="first_name"]'.</msg>
<arg>${element}</arg>
<arg>${input_values}[${index}]</arg>
<doc>Types the given ``text`` into the text field identified by ``locator``.</doc>
<status status="PASS" start="2025-09-25T13:47:48.168178" elapsed="0.120279"/>
</kw>
<var name="${index}">0</var>
<var name="${element}">//input[@name="first_name"]</var>
<status status="PASS" start="2025-09-25T13:47:48.167992" elapsed="0.120621"/>
</iter>
<iter>
<kw name="Input Text" owner="SeleniumLibrary">
<msg time="2025-09-25T13:47:48.289395" level="INFO">Typing text 'Lebsack' into text field '//input[@name="last_name"]'.</msg>
<arg>${element}</arg>
<arg>${input_values}[${index}]</arg>
<doc>Types the given ``text`` into the text field identified by ``locator``.</doc>
<status status="PASS" start="2025-09-25T13:47:48.289013" elapsed="0.107614"/>
</kw>
<var name="${index}">1</var>
<var name="${element}">//input[@name="last_name"]</var>
<status status="PASS" start="2025-09-25T13:47:48.288844" elapsed="0.108018"/>
</iter>
<iter>
<kw name="Input Text" owner="SeleniumLibrary">
<msg time="2025-09-25T13:47:48.398411" level="INFO">Typing text 'Julianne.OConner@kory.org' into text field '//input[@name="email"]'.</msg>
<arg>${element}</arg>
<arg>${input_values}[${index}]</arg>
<doc>Types the given ``text`` into the text field identified by ``locator``.</doc>
<status status="PASS" start="2025-09-25T13:47:48.397648" elapsed="0.152947"/>
</kw>
<var name="${index}">2</var>
<var name="${element}">//input[@name="email"]</var>
<status status="PASS" start="2025-09-25T13:47:48.397303" elapsed="0.153420"/>
</iter>
<iter>
<kw name="Input Text" owner="SeleniumLibrary">
<msg time="2025-09-25T13:47:48.551601" level="INFO">Typing text '09131991' into text field '//input[@name="birthday"]'.</msg>
<arg>${element}</arg>
<arg>${input_values}[${index}]</arg>
<doc>Types the given ``text`` into the text field identified by ``locator``.</doc>
<status status="PASS" start="2025-09-25T13:47:48.551159" elapsed="0.105553"/>
</kw>
<var name="${index}">3</var>
<var name="${element}">//input[@name="birthday"]</var>
<status status="PASS" start="2025-09-25T13:47:48.550967" elapsed="0.105861"/>
</iter>
<iter>
<kw name="Input Text" owner="SeleniumLibrary">
<msg time="2025-09-25T13:47:48.657581" level="INFO">Typing text 'OiMm!adm' into text field '//input[@name="password"]'.</msg>
<arg>${element}</arg>
<arg>${input_values}[${index}]</arg>
<doc>Types the given ``text`` into the text field identified by ``locator``.</doc>
<status status="PASS" start="2025-09-25T13:47:48.657211" elapsed="0.120247"/>
</kw>
<var name="${index}">4</var>
<var name="${element}">//input[@name="password"]</var>
<status status="PASS" start="2025-09-25T13:47:48.657046" elapsed="0.120547"/>
</iter>
<iter>
<kw name="Input Text" owner="SeleniumLibrary">
<msg time="2025-09-25T13:47:48.778493" level="INFO">Typing text 'OiMm!adm' into text field '//input[@name="confirm_password"]'.</msg>
<arg>${element}</arg>
<arg>${input_values}[${index}]</arg>
<doc>Types the given ``text`` into the text field identified by ``locator``.</doc>
<status status="PASS" start="2025-09-25T13:47:48.778020" elapsed="0.111539"/>
</kw>
<var name="${index}">5</var>
<var name="${element}">//input[@name="confirm_password"]</var>
<status status="PASS" start="2025-09-25T13:47:48.777813" elapsed="0.111864"/>
</iter>
<iter>
<kw name="Input Text" owner="SeleniumLibrary">
<msg time="2025-09-25T13:47:48.890351" level="INFO">Typing text 'Hoeger Mall' into text field '//textarea[@name="address"]'.</msg>
<arg>${element}</arg>
<arg>${input_values}[${index}]</arg>
<doc>Types the given ``text`` into the text field identified by ``locator``.</doc>
<status status="PASS" start="2025-09-25T13:47:48.890041" elapsed="0.126099"/>
</kw>
<var name="${index}">6</var>
<var name="${element}">//textarea[@name="address"]</var>
<status status="PASS" start="2025-09-25T13:47:48.889896" elapsed="0.126367"/>
</iter>
<iter>
<kw name="Input Text" owner="SeleniumLibrary">
<msg time="2025-09-25T13:47:49.017127" level="INFO">Typing text 'South Elvis' into text field '//input[@name="city"]'.</msg>
<arg>${element}</arg>
<arg>${input_values}[${index}]</arg>
<doc>Types the given ``text`` into the text field identified by ``locator``.</doc>
<status status="PASS" start="2025-09-25T13:47:49.016720" elapsed="0.112925"/>
</kw>
<var name="${index}">7</var>
<var name="${element}">//input[@name="city"]</var>
<status status="PASS" start="2025-09-25T13:47:49.016505" elapsed="0.113319"/>
</iter>
<iter>
<kw name="Input Text" owner="SeleniumLibrary">
<msg time="2025-09-25T13:47:49.130959" level="INFO">Typing text 'Apt' into text field '//input[@name="stateAbbr"]'.</msg>
<arg>${element}</arg>
<arg>${input_values}[${index}]</arg>
<doc>Types the given ``text`` into the text field identified by ``locator``.</doc>
<status status="PASS" start="2025-09-25T13:47:49.130409" elapsed="0.097751"/>
</kw>
<var name="${index}">8</var>
<var name="${element}">//input[@name="stateAbbr"]</var>
<status status="PASS" start="2025-09-25T13:47:49.130147" elapsed="0.098386"/>
</iter>
<iter>
<kw name="Input Text" owner="SeleniumLibrary">
<msg time="2025-09-25T13:47:49.229878" level="INFO">Typing text '53919-4257' into text field '//input[@name="zipcode"]'.</msg>
<arg>${element}</arg>
<arg>${input_values}[${index}]</arg>
<doc>Types the given ``text`` into the text field identified by ``locator``.</doc>
<status status="PASS" start="2025-09-25T13:47:49.229243" elapsed="0.121043"/>
</kw>
<var name="${index}">9</var>
<var name="${element}">//input[@name="zipcode"]</var>
<status status="PASS" start="2025-09-25T13:47:49.228925" elapsed="0.121499"/>
</iter>
<var>${index}</var>
<var>${element}</var>
<value>@{input_fields}</value>
<status status="PASS" start="2025-09-25T13:47:48.167677" elapsed="1.182870"/>
</for>
<kw name="Click Button" owner="SeleniumLibrary">
<msg time="2025-09-25T13:47:49.351154" level="INFO">Clicking button '//button[@type="submit"]'.</msg>
[...]
<status status="PASS" start="2025-09-25T13:48:29.578588" elapsed="0.000676"/>
</kw>
<kw name="Set Variable" owner="BuiltIn">
<msg time="2025-09-25T13:48:29.580137" level="INFO">${row_locator} = //tr[22]</msg>
<var>${row_locator}</var>
<arg>//tr[${row_index}]</arg>
<doc>Returns the given values which can then be assigned to a variables.</doc>
<status status="PASS" start="2025-09-25T13:48:29.579632" elapsed="0.000586"/>
</kw>
<kw name="Run Keyword And Return Status" owner="BuiltIn">
<kw name="Element Should Be Visible" owner="SeleniumLibrary">
<msg time="2025-09-25T13:48:29.602279" level="INFO">Element '//tr[22]' is displayed.</msg>
<arg>${row_locator}</arg>
<doc>Verifies that the element identified by ``locator`` is visible.</doc>
<status status="PASS" start="2025-09-25T13:48:29.581016" elapsed="0.021384"/>
</kw>
<msg time="2025-09-25T13:48:29.602586" level="INFO">${status} = True</msg>
<var>${status}</var>
<arg>Element Should Be Visible</arg>
<arg>${row_locator}</arg>
<doc>Runs the given keyword with given arguments and returns the status as a Boolean value.</doc>
<status status="PASS" start="2025-09-25T13:48:29.580607" elapsed="0.022009"/>
</kw>
<kw name="Exit For Loop If" owner="BuiltIn">
<arg>${status} == False</arg>
<doc>Stops executing the enclosing FOR loop if the ``condition`` is true.</doc>
<status status="PASS" start="2025-09-25T13:48:29.602858" elapsed="0.000307"/>
</kw>
<kw name="Get Text" owner="SeleniumLibrary">
<msg time="2025-09-25T13:48:29.640082" level="INFO">${row_name} = B
Brandyn Shanahan</msg>
<var>${row_name}</var>
<arg>${row_locator}//td[2]/a/div</arg>
<doc>Returns the text value of the element identified by ``locator``.</doc>
<status status="PASS" start="2025-09-25T13:48:29.603299" elapsed="0.036843"/>
</kw>
<kw name="Get Text" owner="SeleniumLibrary">
<msg time="2025-09-25T13:48:29.674196" level="INFO">${row_spent} = $0.00</msg>
<var>${row_spent}</var>
<arg>${row_locator}//td[5]</arg>
<doc>Returns the text value of the element identified by ``locator``.</doc>
<status status="PASS" start="2025-09-25T13:48:29.640348" elapsed="0.033904"/>
</kw>
<if>
<branch type="IF" condition="&quot;\\n&quot; in &quot;&quot;&quot;${row_name}&quot;&quot;&quot;">
<kw name="Evaluate" owner="BuiltIn">
<msg time="2025-09-25T13:48:29.675011" level="INFO">${row_name} = Brandyn Shanahan</msg>
<var>${row_name}</var>
<arg>"""${row_name}""".replace("\\n","")[1:]</arg>
<doc>Evaluates the given expression in Python and returns the result.</doc>
<status status="PASS" start="2025-09-25T13:48:29.674703" elapsed="0.000344"/>
</kw>
<status status="PASS" start="2025-09-25T13:48:29.674408" elapsed="0.000704"/>
</branch>
<status status="PASS" start="2025-09-25T13:48:29.674374" elapsed="0.000793"/>
</if>
<if>
<branch type="IF" condition="'${row_spent}' != '$0.00'">
<kw name="Log To Console" owner="BuiltIn">
<arg>"${spending_customer_ctr}. ${row_name}: ${row_spent}"</arg>
<doc>Logs the given message to the console.</doc>
<status status="NOT RUN" start="2025-09-25T13:48:29.675535" elapsed="0.000042"/>
</kw>
<kw name="Evaluate" owner="BuiltIn">
<var>${spending_customer_ctr}</var>
<arg>${spending_customer_ctr}+1</arg>
<doc>Evaluates the given expression in Python and returns the result.</doc>
<status status="NOT RUN" start="2025-09-25T13:48:29.675714" elapsed="0.000032"/>
</kw>
<kw name="Evaluate" owner="BuiltIn">
<var>${row_spent}</var>
<arg>"""${row_spent}""".replace(",","")[1:]</arg>
<doc>Evaluates the given expression in Python and returns the result.</doc>
<status status="NOT RUN" start="2025-09-25T13:48:29.675852" elapsed="0.000029"/>
</kw>
<kw name="Evaluate" owner="BuiltIn">
<var>${total_spent}</var>
<arg>${total_spent} + ${row_spent}</arg>
<doc>Evaluates the given expression in Python and returns the result.</doc>
<status status="NOT RUN" start="2025-09-25T13:48:29.675982" elapsed="0.000030"/>
</kw>
<status status="NOT RUN" start="2025-09-25T13:48:29.675248" elapsed="0.000809"/>
</branch>
<status status="PASS" start="2025-09-25T13:48:29.675226" elapsed="0.000884"/>
</if>
<var name="${index}">21</var>
<status status="PASS" start="2025-09-25T13:48:29.578313" elapsed="0.097835"/>
</iter>
<iter>
<kw name="Evaluate" owner="BuiltIn">
<msg time="2025-09-25T13:48:29.676982" level="INFO">${row_index} = 23</msg>
<var>${row_index}</var>
<arg>${index} + 1</arg>
<doc>Evaluates the given expression in Python and returns the result.</doc>
<status status="PASS" start="2025-09-25T13:48:29.676647" elapsed="0.000377"/>
</kw>
<kw name="Set Variable" owner="BuiltIn">
<msg time="2025-09-25T13:48:29.677414" level="INFO">${row_locator} = //tr[23]</msg>
<var>${row_locator}</var>
<arg>//tr[${row_index}]</arg>
<doc>Returns the given values which can then be assigned to a variables.</doc>
<status status="PASS" start="2025-09-25T13:48:29.677184" elapsed="0.000270"/>
</kw>
<kw name="Run Keyword And Return Status" owner="BuiltIn">
<kw name="Element Should Be Visible" owner="SeleniumLibrary">
<msg time="2025-09-25T13:48:29.703298" level="INFO">Element '//tr[23]' is displayed.</msg>
<arg>${row_locator}</arg>
<doc>Verifies that the element identified by ``locator`` is visible.</doc>
<status status="PASS" start="2025-09-25T13:48:29.677900" elapsed="0.025560"/>
</kw>
<msg time="2025-09-25T13:48:29.703661" level="INFO">${status} = True</msg>
<var>${status}</var>
<arg>Element Should Be Visible</arg>
<arg>${row_locator}</arg>
<doc>Runs the given keyword with given arguments and returns the status as a Boolean value.</doc>
<status status="PASS" start="2025-09-25T13:48:29.677671" elapsed="0.026022"/>
</kw>
<kw name="Exit For Loop If" owner="BuiltIn">
<arg>${status} == False</arg>
<doc>Stops executing the enclosing FOR loop if the ``condition`` is true.</doc>
<status status="PASS" start="2025-09-25T13:48:29.703876" elapsed="0.000321"/>
</kw>
<kw name="Get Text" owner="SeleniumLibrary">
<msg time="2025-09-25T13:48:29.728883" level="INFO">${row_name} = Emmy Koss</msg>
<var>${row_name}</var>
<arg>${row_locator}//td[2]/a/div</arg>
<doc>Returns the text value of the element identified by ``locator``.</doc>
<status status="PASS" start="2025-09-25T13:48:29.704349" elapsed="0.024600"/>
</kw>
<kw name="Get Text" owner="SeleniumLibrary">
<msg time="2025-09-25T13:48:29.757016" level="INFO">${row_spent} = $776.81</msg>
<var>${row_spent}</var>
<arg>${row_locator}//td[5]</arg>
<doc>Returns the text value of the element identified by ``locator``.</doc>
<status status="PASS" start="2025-09-25T13:48:29.729185" elapsed="0.027908"/>
</kw>
<if>
<branch type="IF" condition="&quot;\\n&quot; in &quot;&quot;&quot;${row_name}&quot;&quot;&quot;">
<kw name="Evaluate" owner="BuiltIn">
<var>${row_name}</var>
<arg>"""${row_name}""".replace("\\n","")[1:]</arg>
<doc>Evaluates the given expression in Python and returns the result.</doc>
<status status="NOT RUN" start="2025-09-25T13:48:29.757704" elapsed="0.000059"/>
</kw>
<status status="NOT RUN" start="2025-09-25T13:48:29.757301" elapsed="0.000543"/>
</branch>
<status status="PASS" start="2025-09-25T13:48:29.757254" elapsed="0.000662"/>
</if>
<if>
<branch type="IF" condition="'${row_spent}' != '$0.00'">
<kw name="Log To Console" owner="BuiltIn">
<arg>"${spending_customer_ctr}. ${row_name}: ${row_spent}"</arg>
<doc>Logs the given message to the console.</doc>
<status status="PASS" start="2025-09-25T13:48:29.758351" elapsed="0.001229"/>
</kw>
<kw name="Evaluate" owner="BuiltIn">
<msg time="2025-09-25T13:48:29.760352" level="INFO">${spending_customer_ctr} = 5</msg>
<var>${spending_customer_ctr}</var>
<arg>${spending_customer_ctr}+1</arg>
<doc>Evaluates the given expression in Python and returns the result.</doc>
<status status="PASS" start="2025-09-25T13:48:29.759884" elapsed="0.000522"/>
</kw>
<kw name="Evaluate" owner="BuiltIn">
<msg time="2025-09-25T13:48:29.761058" level="INFO">${row_spent} = 776.81</msg>
<var>${row_spent}</var>
<arg>"""${row_spent}""".replace(",","")[1:]</arg>
<doc>Evaluates the given expression in Python and returns the result.</doc>
<status status="PASS" start="2025-09-25T13:48:29.760646" elapsed="0.000461"/>
</kw>
<kw name="Evaluate" owner="BuiltIn">
<msg time="2025-09-25T13:48:29.761692" level="INFO">${total_spent} = 3586.33</msg>
<var>${total_spent}</var>
<arg>${total_spent} + ${row_spent}</arg>
<doc>Evaluates the given expression in Python and returns the result.</doc>
<status status="PASS" start="2025-09-25T13:48:29.761313" elapsed="0.000420"/>
</kw>
<status status="PASS" start="2025-09-25T13:48:29.758014" elapsed="0.003785"/>
</branch>
<status status="PASS" start="2025-09-25T13:48:29.757987" elapsed="0.003876"/>
</if>
<var name="${index}">22</var>
<status status="PASS" start="2025-09-25T13:48:29.676483" elapsed="0.085420"/>
</iter>
<iter>
<kw name="Evaluate" owner="BuiltIn">
<msg time="2025-09-25T13:48:29.762652" level="INFO">${row_index} = 24</msg>
<var>${row_index}</var>
<arg>${index} + 1</arg>
<doc>Evaluates the given expression in Python and returns the result.</doc>
<status status="PASS" start="2025-09-25T13:48:29.762357" elapsed="0.000328"/>
</kw>
<kw name="Set Variable" owner="BuiltIn">
<msg time="2025-09-25T13:48:29.763160" level="INFO">${row_locator} = //tr[24]</msg>
<var>${row_locator}</var>
<arg>//tr[${row_index}]</arg>
<doc>Returns the given values which can then be assigned to a variables.</doc>
<status status="PASS" start="2025-09-25T13:48:29.762802" elapsed="0.000388"/>
</kw>
<kw name="Run Keyword And Return Status" owner="BuiltIn">
<kw name="Element Should Be Visible" owner="SeleniumLibrary">
<msg time="2025-09-25T13:48:29.781500" level="INFO">Element '//tr[24]' is displayed.</msg>
<arg>${row_locator}</arg>
<doc>Verifies that the element identified by ``locator`` is visible.</doc>
<status status="PASS" start="2025-09-25T13:48:29.763575" elapsed="0.018093"/>
</kw>
<msg time="2025-09-25T13:48:29.781868" level="INFO">${status} = True</msg>
<var>${status}</var>
<arg>Element Should Be Visible</arg>
<arg>${row_locator}</arg>
<doc>Runs the given keyword with given arguments and returns the status as a Boolean value.</doc>
<status status="PASS" start="2025-09-25T13:48:29.763389" elapsed="0.018520"/>
</kw>
<kw name="Exit For Loop If" owner="BuiltIn">
<arg>${status} == False</arg>
<doc>Stops executing the enclosing FOR loop if the ``condition`` is true.</doc>
<status status="PASS" start="2025-09-25T13:48:29.782117" elapsed="0.000359"/>
</kw>
<kw name="Get Text" owner="SeleniumLibrary">
<msg time="2025-09-25T13:48:29.801974" level="INFO">${row_name} = S
Stephon Price</msg>
<var>${row_name}</var>
<arg>${row_locator}//td[2]/a/div</arg>
<doc>Returns the text value of the element identified by ``locator``.</doc>
<status status="PASS" start="2025-09-25T13:48:29.782642" elapsed="0.019391"/>
</kw>
<kw name="Get Text" owner="SeleniumLibrary">
<msg time="2025-09-25T13:48:29.819429" level="INFO">${row_spent} = $0.00</msg>
<var>${row_spent}</var>
<arg>${row_locator}//td[5]</arg>
<doc>Returns the text value of the element identified by ``locator``.</doc>
<status status="PASS" start="2025-09-25T13:48:29.802253" elapsed="0.017236"/>
</kw>
<if>
<branch type="IF" condition="&quot;\\n&quot; in &quot;&quot;&quot;${row_name}&quot;&quot;&quot;">
<kw name="Evaluate" owner="BuiltIn">
<msg time="2025-09-25T13:48:29.820292" level="INFO">${row_name} = Stephon Price</msg>
<var>${row_name}</var>
<arg>"""${row_name}""".replace("\\n","")[1:]</arg>
<doc>Evaluates the given expression in Python and returns the result.</doc>
<status status="PASS" start="2025-09-25T13:48:29.819980" elapsed="0.000349"/>
</kw>
<status status="PASS" start="2025-09-25T13:48:29.819671" elapsed="0.000718"/>
</branch>
<status status="PASS" start="2025-09-25T13:48:29.819634" elapsed="0.000808"/>
</if>
<if>
<branch type="IF" condition="'${row_spent}' != '$0.00'">
<kw name="Log To Console" owner="BuiltIn">
<arg>"${spending_customer_ctr}. ${row_name}: ${row_spent}"</arg>
<doc>Logs the given message to the console.</doc>
<status status="NOT RUN" start="2025-09-25T13:48:29.820752" elapsed="0.000037"/>
</kw>
<kw name="Evaluate" owner="BuiltIn">
<var>${spending_customer_ctr}</var>
<arg>${spending_customer_ctr}+1</arg>
<doc>Evaluates the given expression in Python and returns the result.</doc>
<status status="NOT RUN" start="2025-09-25T13:48:29.820908" elapsed="0.000034"/>
</kw>
<kw name="Evaluate" owner="BuiltIn">
<var>${row_spent}</var>
<arg>"""${row_spent}""".replace(",","")[1:]</arg>
<doc>Evaluates the given expression in Python and returns the result.</doc>
<status status="NOT RUN" start="2025-09-25T13:48:29.821058" elapsed="0.000033"/>
</kw>
<kw name="Evaluate" owner="BuiltIn">
<var>${total_spent}</var>
<arg>${total_spent} + ${row_spent}</arg>
<doc>Evaluates the given expression in Python and returns the result.</doc>
<status status="NOT RUN" start="2025-09-25T13:48:29.821203" elapsed="0.000033"/>
</kw>
<status status="NOT RUN" start="2025-09-25T13:48:29.820521" elapsed="0.000764"/>
</branch>
<status status="PASS" start="2025-09-25T13:48:29.820492" elapsed="0.000839"/>
</if>
<var name="${index}">23</var>
<status status="PASS" start="2025-09-25T13:48:29.762207" elapsed="0.059156"/>
</iter>
<iter>
<kw name="Evaluate" owner="BuiltIn">
<msg time="2025-09-25T13:48:29.822011" level="INFO">${row_index} = 25</msg>
<var>${row_index}</var>
<arg>${index} + 1</arg>
<doc>Evaluates the given expression in Python and returns the result.</doc>
<status status="PASS" start="2025-09-25T13:48:29.821760" elapsed="0.000282"/>
</kw>
<kw name="Set Variable" owner="BuiltIn">
<msg time="2025-09-25T13:48:29.822307" level="INFO">${row_locator} = //tr[25]</msg>
<var>${row_locator}</var>
<arg>//tr[${row_index}]</arg>
<doc>Returns the given values which can then be assigned to a variables.</doc>
<status status="PASS" start="2025-09-25T13:48:29.822147" elapsed="0.000189"/>
</kw>
<kw name="Run Keyword And Return Status" owner="BuiltIn">
<kw name="Element Should Be Visible" owner="SeleniumLibrary">
<msg time="2025-09-25T13:48:29.839373" level="INFO">Element '//tr[25]' is displayed.</msg>
<arg>${row_locator}</arg>
<doc>Verifies that the element identified by ``locator`` is visible.</doc>
<status status="PASS" start="2025-09-25T13:48:29.822606" elapsed="0.016928"/>
</kw>
<msg time="2025-09-25T13:48:29.839730" level="INFO">${status} = True</msg>
<var>${status}</var>
<arg>Element Should Be Visible</arg>
<arg>${row_locator}</arg>
<doc>Runs the given keyword with given arguments and returns the status as a Boolean value.</doc>
<status status="PASS" start="2025-09-25T13:48:29.822449" elapsed="0.017320"/>
</kw>
<kw name="Exit For Loop If" owner="BuiltIn">
<arg>${status} == False</arg>
<doc>Stops executing the enclosing FOR loop if the ``condition`` is true.</doc>
<status status="PASS" start="2025-09-25T13:48:29.839971" elapsed="0.000358"/>
</kw>
<kw name="Get Text" owner="SeleniumLibrary">
<msg time="2025-09-25T13:48:29.858923" level="INFO">${row_name} = D
Dave Herzog</msg>
<var>${row_name}</var>
<arg>${row_locator}//td[2]/a/div</arg>
<doc>Returns the text value of the element identified by ``locator``.</doc>
<status status="PASS" start="2025-09-25T13:48:29.840481" elapsed="0.018504"/>
</kw>
<kw name="Get Text" owner="SeleniumLibrary">
<msg time="2025-09-25T13:48:29.879401" level="INFO">${row_spent} = $0.00</msg>
<var>${row_spent}</var>
<arg>${row_locator}//td[5]</arg>
<doc>Returns the text value of the element identified by ``locator``.</doc>
<status status="PASS" start="2025-09-25T13:48:29.859208" elapsed="0.020254"/>
</kw>
<if>
<branch type="IF" condition="&quot;\\n&quot; in &quot;&quot;&quot;${row_name}&quot;&quot;&quot;">
<kw name="Evaluate" owner="BuiltIn">
<msg time="2025-09-25T13:48:29.880274" level="INFO">${row_name} = Dave Herzog</msg>
<var>${row_name}</var>
<arg>"""${row_name}""".replace("\\n","")[1:]</arg>
<doc>Evaluates the given expression in Python and returns the result.</doc>
<status status="PASS" start="2025-09-25T13:48:29.879948" elapsed="0.000364"/>
</kw>
<status status="PASS" start="2025-09-25T13:48:29.879637" elapsed="0.000738"/>
</branch>
<status status="PASS" start="2025-09-25T13:48:29.879601" elapsed="0.000829"/>
</if>
<if>
<branch type="IF" condition="'${row_spent}' != '$0.00'">
<kw name="Log To Console" owner="BuiltIn">
<arg>"${spending_customer_ctr}. ${row_name}: ${row_spent}"</arg>
<doc>Logs the given message to the console.</doc>
<status status="NOT RUN" start="2025-09-25T13:48:29.880793" elapsed="0.000037"/>
</kw>
<kw name="Evaluate" owner="BuiltIn">
<var>${spending_customer_ctr}</var>
<arg>${spending_customer_ctr}+1</arg>
<doc>Evaluates the given expression in Python and returns the result.</doc>
<status status="NOT RUN" start="2025-09-25T13:48:29.880944" elapsed="0.000030"/>
</kw>
<kw name="Evaluate" owner="BuiltIn">
<var>${row_spent}</var>
<arg>"""${row_spent}""".replace(",","")[1:]</arg>
<doc>Evaluates the given expression in Python and returns the result.</doc>
<status status="NOT RUN" start="2025-09-25T13:48:29.881076" elapsed="0.000030"/>
</kw>
<kw name="Evaluate" owner="BuiltIn">
<var>${total_spent}</var>
<arg>${total_spent} + ${row_spent}</arg>
<doc>Evaluates the given expression in Python and returns the result.</doc>
<status status="NOT RUN" start="2025-09-25T13:48:29.881209" elapsed="0.000029"/>
</kw>
<status status="NOT RUN" start="2025-09-25T13:48:29.880518" elapsed="0.000764"/>
</branch>
<status status="PASS" start="2025-09-25T13:48:29.880485" elapsed="0.000844"/>
</if>
<var name="${index}">24</var>
<status status="PASS" start="2025-09-25T13:48:29.821651" elapsed="0.059713"/>
</iter>
<var>${index}</var>
<value>${size}</value>
<status status="PASS" start="2025-09-25T13:48:28.177363" elapsed="1.704245"/>
</for>
<kw name="Evaluate" owner="BuiltIn">
<msg time="2025-09-25T13:48:29.882124" level="INFO">${total_spent} = 3586.33</msg>
<var>${total_spent}</var>
<arg>"{:.2f}".format(${total_spent})</arg>
<doc>Evaluates the given expression in Python and returns the result.</doc>
<status status="PASS" start="2025-09-25T13:48:29.881775" elapsed="0.000386"/>
</kw>
<kw name="Log To Console" owner="BuiltIn">
<arg>"=========================="</arg>
<doc>Logs the given message to the console.</doc>
<status status="PASS" start="2025-09-25T13:48:29.882301" elapsed="0.000182"/>
</kw>
<kw name="Log To Console" owner="BuiltIn">
<arg>Total Customers Spent : $${total_spent}</arg>
<doc>Logs the given message to the console.</doc>
<status status="PASS" start="2025-09-25T13:48:29.882623" elapsed="0.000207"/>
</kw>
<kw name="Log To Console" owner="BuiltIn">
<arg>"=========================="</arg>
<doc>Logs the given message to the console.</doc>
<status status="PASS" start="2025-09-25T13:48:29.882956" elapsed="0.000142"/>
</kw>
<if>
<branch type="IF" condition="${total_spent} &lt; 3500">
<kw name="Fail" owner="BuiltIn">
<arg>"FAIL: Total spending is $${total_spent} is below minimum threshold $3,500"</arg>
<doc>Fails the test with the given message and optionally alters its tags.</doc>
<status status="NOT RUN" start="2025-09-25T13:48:29.883432" elapsed="0.000032"/>
</kw>
<status status="NOT RUN" start="2025-09-25T13:48:29.883201" elapsed="0.000319"/>
</branch>
<branch type="ELSE">
<kw name="Log To Console" owner="BuiltIn">
<arg>PASS: Total spending is $${total_spent} meets minimum threshold $3,500"</arg>
<doc>Logs the given message to the console.</doc>
<status status="PASS" start="2025-09-25T13:48:29.883670" elapsed="0.000201"/>
</kw>
<status status="PASS" start="2025-09-25T13:48:29.883569" elapsed="0.000352"/>
</branch>
<status status="PASS" start="2025-09-25T13:48:29.883173" elapsed="0.000790"/>
</if>
<arg>25</arg>
<status status="PASS" start="2025-09-25T13:48:27.948485" elapsed="1.935551"/>
</kw>
<status status="PASS" start="2025-09-25T13:48:27.947677" elapsed="1.936528"/>
</test>
<status status="PASS" start="2025-09-25T13:47:33.086095" elapsed="56.798602"/>
</suite>
<statistics>
<total>
<stat pass="4" fail="0" skip="0">All Tests</stat>
</total>
<tag>
</tag>
<suite>
<stat name="Marmelab" id="s1" pass="4" fail="0" skip="0">Marmelab</stat>
</suite>
</statistics>
<errors>
</errors>
</robot>
